Running Global and Detailed Routing...
OpenROAD v2.0-27886-g745f72f2bf 
Features included (+) or not (-): +GPU +GUI +Python
This program is licensed under the BSD-3 license. See the LICENSE file for details.
Components of this program may be licensed under more restrictive licenses which must be honored.
[INFO ODB-0227] LEF file: /home/manal/OpenROAD/test/sky130hd/sky130hd.tlef, created 13 layers, 25 vias
[WARNING ODB-0220] WARNING (LEFPARS-2008): NOWIREEXTENSIONATPIN statement is obsolete in version 5.6 or later.
The NOWIREEXTENSIONATPIN statement will be ignored. See file /home/manal/OpenROAD/test/sky130hd/sky130_fd_sc_hd.lef at line 2.

[INFO ODB-0227] LEF file: /home/manal/OpenROAD/test/sky130hd/sky130_fd_sc_hd.lef, created 437 library cells
[INFO ODB-0227] LEF file: ../macros/sky130_sram_1kbyte_1rw1r_32x256_8.lef, created 1 library cells
[INFO ODB-0127] Reading DEF file: output/cts.def
[INFO ODB-0128] Design: mini_soc_top
[INFO ODB-0094] 		Created 100000 Insts
[INFO ODB-0130]     Created 5 pins.
[INFO ODB-0131]     Created 178924 components and 756049 component-terminals.
[INFO ODB-0132]     Created 2 special nets and 357848 connections.
[INFO ODB-0133]     Created 11215 nets and 39723 connections.
[INFO ODB-0134] Finished DEF file: output/cts.def
[WARNING GRT-0273] Disabled NDR (to reduce congestion) for net: clknet_1_0_0_clk_regs
[WARNING GRT-0273] Disabled NDR (to reduce congestion) for net: clknet_0_clk_regs
[WARNING GRT-0273] Disabled NDR (to reduce congestion) for net: clk
[WARNING GRT-0273] Disabled NDR (to reduce congestion) for net: clknet_0_clk
[WARNING GRT-0273] Disabled NDR (to reduce congestion) for net: clknet_1_1_0_clk_regs
[WARNING GRT-0273] Disabled NDR (to reduce congestion) for net: delaynet_0_clk
[WARNING GRT-0273] Disabled NDR (to reduce congestion) for net: delaynet_1_clk
[WARNING GRT-0273] Disabled NDR (to reduce congestion) for net: delaynet_4_clk
[WARNING GRT-0273] Disabled NDR (to reduce congestion) for net: delaynet_2_clk
[WARNING GRT-0273] Disabled NDR (to reduce congestion) for net: delaynet_3_clk
[WARNING GRT-0273] Disabled NDR (to reduce congestion) for net: delaynet_5_clk
[WARNING GRT-0273] Disabled NDR (to reduce congestion) for net: clk_regs
[ERROR GRT-0116] Global routing finished with congestion. Check the congestion regions in the DRC Viewer.
GRT-0116
[ERROR EST-0005] Run global_route before estimating parasitics for global routing.
EST-0005
[INFO DRT-0149] Reading tech and libs.
[WARNING DRT-0349] LEF58_ENCLOSURE with no CUTCLASS is not supported. Skipping for layer mcon
[WARNING DRT-0349] LEF58_ENCLOSURE with no CUTCLASS is not supported. Skipping for layer mcon
[WARNING DRT-0349] LEF58_ENCLOSURE with no CUTCLASS is not supported. Skipping for layer via
[WARNING DRT-0349] LEF58_ENCLOSURE with no CUTCLASS is not supported. Skipping for layer via
[WARNING DRT-0349] LEF58_ENCLOSURE with no CUTCLASS is not supported. Skipping for layer via2
[WARNING DRT-0349] LEF58_ENCLOSURE with no CUTCLASS is not supported. Skipping for layer via2
[WARNING DRT-0349] LEF58_ENCLOSURE with no CUTCLASS is not supported. Skipping for layer via3
[WARNING DRT-0349] LEF58_ENCLOSURE with no CUTCLASS is not supported. Skipping for layer via3
[WARNING DRT-0349] LEF58_ENCLOSURE with no CUTCLASS is not supported. Skipping for layer via4
[WARNING DRT-0349] LEF58_ENCLOSURE with no CUTCLASS is not supported. Skipping for layer via4

Units:                1000
Number of layers:     13
Number of macros:     438
Number of vias:       30
Number of viarulegen: 25

[INFO DRT-0150] Reading design.
[WARNING DRT-0120] Large net reset_n has 183 pins which may impact routing performance. Consider optimization.

Design:                   mini_soc_top
Die area:                 ( 0 0 ) ( 1500000 1500000 )
Number of track patterns: 24
Number of DEF vias:       0
Number of components:     178924
Number of terminals:      5
Number of snets:          2
Number of nets:           11215

[INFO DRT-0167] List of default vias:
  Layer via
    default via: M1M2_PR
  Layer via2
    default via: M2M3_PR
  Layer via3
    default via: M3M4_PR
  Layer via4
    default via: M4M5_PR
[INFO DRT-0162] Library cell analysis.
[INFO DRT-0163] Instance analysis.
  Complete 100000 instances.
[INFO DRT-0164] Number of unique instances = 1848.
[INFO DRT-0168] Init region query.
[INFO DRT-0018]   Complete 100000 insts.
[INFO DRT-0024]   Complete FR_MASTERSLICE.
[INFO DRT-0024]   Complete Fr_VIA.
[INFO DRT-0024]   Complete li1.
[INFO DRT-0024]   Complete mcon.
[INFO DRT-0024]   Complete met1.
[INFO DRT-0024]   Complete via.
[INFO DRT-0024]   Complete met2.
[INFO DRT-0024]   Complete via2.
[INFO DRT-0024]   Complete met3.
[INFO DRT-0024]   Complete via3.
[INFO DRT-0024]   Complete met4.
[INFO DRT-0024]   Complete via4.
[INFO DRT-0024]   Complete met5.
[INFO DRT-0033] FR_MASTERSLICE shape region query size = 0.
[INFO DRT-0033] FR_VIA shape region query size = 0.
[INFO DRT-0033] li1 shape region query size = 678470.
[INFO DRT-0033] mcon shape region query size = 2718700.
[INFO DRT-0033] met1 shape region query size = 400139.
[INFO DRT-0033] via shape region query size = 74898.
[INFO DRT-0033] met2 shape region query size = 44939.
[INFO DRT-0033] via2 shape region query size = 59924.
[INFO DRT-0033] met3 shape region query size = 45043.
[INFO DRT-0033] via3 shape region query size = 59930.
[INFO DRT-0033] met4 shape region query size = 16939.
[INFO DRT-0033] via4 shape region query size = 1370.
[INFO DRT-0033] met5 shape region query size = 1456.
[INFO DRT-0165] Start pin access.
[INFO DRT-0076]   Complete 1000 pins.
[INFO DRT-0076]   Complete 2000 pins.
[INFO DRT-0076]   Complete 3000 pins.
[INFO DRT-0076]   Complete 4000 pins.
[INFO DRT-0076]   Complete 5000 pins.
[INFO DRT-0076]   Complete 6000 pins.
[INFO DRT-0076]   Complete 7000 pins.
[INFO DRT-0076]   Complete 8000 pins.
[INFO DRT-0076]   Complete 9000 pins.
[INFO DRT-0076]   Complete 10000 pins.
[ERROR DRT-0073] No access point for load_slew103/A (sky130_fd_sc_hd__buf_12).
[ERROR DRT-0073] No access point for load_slew11/A (sky130_fd_sc_hd__buf_16).
[ERROR DRT-0073] No access point for load_slew111/A (sky130_fd_sc_hd__buf_6).
[ERROR DRT-0073] No access point for load_slew112/A (sky130_fd_sc_hd__buf_6).
[ERROR DRT-0073] No access point for load_slew113/A (sky130_fd_sc_hd__buf_6).
[ERROR DRT-0073] No access point for load_slew117/A (sky130_fd_sc_hd__buf_6).
[ERROR DRT-0073] No access point for load_slew118/A (sky130_fd_sc_hd__buf_6).
[ERROR DRT-0073] No access point for load_slew119/A (sky130_fd_sc_hd__buf_6).
[ERROR DRT-0073] No access point for load_slew122/A (sky130_fd_sc_hd__buf_6).
[ERROR DRT-0073] No access point for load_slew128/A (sky130_fd_sc_hd__probe_p_8).
[ERROR DRT-0073] No access point for load_slew129/A (sky130_fd_sc_hd__buf_6).
[ERROR DRT-0073] No access point for load_slew130/A (sky130_fd_sc_hd__buf_6).
[ERROR DRT-0073] No access point for load_slew131/A (sky130_fd_sc_hd__buf_6).
[ERROR DRT-0073] No access point for load_slew133/A (sky130_fd_sc_hd__buf_16).
[ERROR DRT-0073] No access point for load_slew135/A (sky130_fd_sc_hd__buf_4).
[ERROR DRT-0073] No access point for load_slew136/A (sky130_fd_sc_hd__clkbuf_4).
[ERROR DRT-0073] No access point for load_slew137/A (sky130_fd_sc_hd__buf_4).
[ERROR DRT-0073] No access point for load_slew138/A (sky130_fd_sc_hd__clkbuf_4).
[ERROR DRT-0073] No access point for load_slew139/A (sky130_fd_sc_hd__clkbuf_4).
[ERROR DRT-0073] No access point for load_slew140/A (sky130_fd_sc_hd__clkbuf_4).
[ERROR DRT-0073] No access point for load_slew141/A (sky130_fd_sc_hd__clkbuf_4).
[ERROR DRT-0073] No access point for load_slew143/A (sky130_fd_sc_hd__buf_4).
[ERROR DRT-0073] No access point for load_slew150/A (sky130_fd_sc_hd__buf_4).
[ERROR DRT-0073] No access point for load_slew151/A (sky130_fd_sc_hd__clkbuf_4).
[ERROR DRT-0073] No access point for load_slew153/A (sky130_fd_sc_hd__buf_4).
[ERROR DRT-0073] No access point for load_slew154/A (sky130_fd_sc_hd__buf_4).
[ERROR DRT-0073] No access point for load_slew155/A (sky130_fd_sc_hd__buf_4).
[ERROR DRT-0073] No access point for load_slew160/A (sky130_fd_sc_hd__buf_12).
[ERROR DRT-0073] No access point for load_slew161/A (sky130_fd_sc_hd__buf_16).
[ERROR DRT-0073] No access point for load_slew165/A (sky130_fd_sc_hd__buf_16).
[ERROR DRT-0073] No access point for load_slew167/A (sky130_fd_sc_hd__buf_12).
[ERROR DRT-0073] No access point for load_slew168/A (sky130_fd_sc_hd__buf_16).
[ERROR DRT-0073] No access point for load_slew169/A (sky130_fd_sc_hd__buf_8).
[ERROR DRT-0073] No access point for load_slew170/A (sky130_fd_sc_hd__buf_16).
[ERROR DRT-0073] No access point for load_slew173/A (sky130_fd_sc_hd__buf_16).
[ERROR DRT-0073] No access point for load_slew19/A (sky130_fd_sc_hd__buf_6).
[ERROR DRT-0073] No access point for load_slew20/A (sky130_fd_sc_hd__buf_16).
[ERROR DRT-0073] No access point for load_slew221/X (sky130_fd_sc_hd__buf_6).
[ERROR DRT-0073] No access point for load_slew228/A (sky130_fd_sc_hd__buf_4).
[ERROR DRT-0073] No access point for load_slew234/A (sky130_fd_sc_hd__buf_16).
[ERROR DRT-0073] No access point for load_slew236/A (sky130_fd_sc_hd__buf_16).
[ERROR DRT-0073] No access point for load_slew238/A (sky130_fd_sc_hd__buf_16).
[ERROR DRT-0073] No access point for load_slew239/A (sky130_fd_sc_hd__probe_p_8).
[ERROR DRT-0073] No access point for load_slew244/A (sky130_fd_sc_hd__buf_16).
[ERROR DRT-0073] No access point for load_slew246/A (sky130_fd_sc_hd__buf_16).
[ERROR DRT-0073] No access point for load_slew264/A (sky130_fd_sc_hd__buf_16).
[ERROR DRT-0073] No access point for load_slew27/A (sky130_fd_sc_hd__buf_16).
[ERROR DRT-0073] No access point for load_slew28/A (sky130_fd_sc_hd__buf_16).
[ERROR DRT-0073] No access point for load_slew297/A (sky130_fd_sc_hd__buf_12).
[ERROR DRT-0073] No access point for load_slew30/A (sky130_fd_sc_hd__buf_16).
[ERROR DRT-0073] No access point for load_slew301/A (sky130_fd_sc_hd__buf_16).
[ERROR DRT-0073] No access point for load_slew302/A (sky130_fd_sc_hd__buf_12).
[ERROR DRT-0073] No access point for load_slew307/A (sky130_fd_sc_hd__buf_16).
[ERROR DRT-0073] No access point for load_slew308/A (sky130_fd_sc_hd__buf_12).
[ERROR DRT-0073] No access point for load_slew309/A (sky130_fd_sc_hd__buf_16).
[ERROR DRT-0073] No access point for load_slew310/A (sky130_fd_sc_hd__buf_16).
[ERROR DRT-0073] No access point for load_slew313/A (sky130_fd_sc_hd__buf_16).
[ERROR DRT-0073] No access point for load_slew314/A (sky130_fd_sc_hd__buf_16).
[ERROR DRT-0073] No access point for load_slew316/A (sky130_fd_sc_hd__buf_16).
[ERROR DRT-0073] No access point for load_slew317/A (sky130_fd_sc_hd__buf_16).
[ERROR DRT-0073] No access point for load_slew318/A (sky130_fd_sc_hd__buf_16).
[ERROR DRT-0073] No access point for load_slew32/A (sky130_fd_sc_hd__buf_16).
[ERROR DRT-0073] No access point for load_slew321/A (sky130_fd_sc_hd__buf_12).
[ERROR DRT-0073] No access point for load_slew322/A (sky130_fd_sc_hd__buf_12).
[ERROR DRT-0073] No access point for load_slew323/A (sky130_fd_sc_hd__buf_16).
[ERROR DRT-0073] No access point for load_slew324/A (sky130_fd_sc_hd__buf_16).
[ERROR DRT-0073] No access point for load_slew326/A (sky130_fd_sc_hd__buf_16).
[ERROR DRT-0073] No access point for load_slew327/A (sky130_fd_sc_hd__buf_16).
[ERROR DRT-0073] No access point for load_slew328/A (sky130_fd_sc_hd__buf_16).
[ERROR DRT-0073] No access point for load_slew33/A (sky130_fd_sc_hd__buf_16).
[ERROR DRT-0073] No access point for load_slew332/A (sky130_fd_sc_hd__buf_16).
[ERROR DRT-0073] No access point for load_slew334/A (sky130_fd_sc_hd__buf_16).
[ERROR DRT-0073] No access point for load_slew335/A (sky130_fd_sc_hd__buf_16).
[ERROR DRT-0073] No access point for load_slew336/A (sky130_fd_sc_hd__buf_16).
[ERROR DRT-0073] No access point for load_slew337/A (sky130_fd_sc_hd__buf_12).
[ERROR DRT-0073] No access point for load_slew34/A (sky130_fd_sc_hd__buf_16).
[ERROR DRT-0073] No access point for load_slew344/A (sky130_fd_sc_hd__buf_16).
[ERROR DRT-0073] No access point for load_slew349/A (sky130_fd_sc_hd__buf_16).
[ERROR DRT-0073] No access point for load_slew35/A (sky130_fd_sc_hd__buf_16).
[ERROR DRT-0073] No access point for load_slew356/A (sky130_fd_sc_hd__buf_16).
[ERROR DRT-0073] No access point for load_slew36/A (sky130_fd_sc_hd__buf_16).
[ERROR DRT-0073] No access point for load_slew366/A (sky130_fd_sc_hd__buf_12).
[ERROR DRT-0073] No access point for load_slew37/A (sky130_fd_sc_hd__buf_12).
[ERROR DRT-0073] No access point for load_slew40/A (sky130_fd_sc_hd__buf_16).
[ERROR DRT-0073] No access point for load_slew41/A (sky130_fd_sc_hd__buf_16).
[ERROR DRT-0073] No access point for load_slew42/A (sky130_fd_sc_hd__buf_16).
[ERROR DRT-0073] No access point for load_slew43/A (sky130_fd_sc_hd__buf_16).
[ERROR DRT-0073] No access point for load_slew44/A (sky130_fd_sc_hd__buf_12).
[ERROR DRT-0073] No access point for load_slew45/A (sky130_fd_sc_hd__buf_12).
[ERROR DRT-0073] No access point for load_slew46/X (sky130_fd_sc_hd__buf_12).
[ERROR DRT-0073] No access point for load_slew47/A (sky130_fd_sc_hd__buf_16).
[ERROR DRT-0073] No access point for load_slew48/A (sky130_fd_sc_hd__buf_16).
[ERROR DRT-0073] No access point for load_slew49/A (sky130_fd_sc_hd__buf_12).
[ERROR DRT-0073] No access point for load_slew50/A (sky130_fd_sc_hd__buf_12).
[ERROR DRT-0073] No access point for load_slew51/A (sky130_fd_sc_hd__buf_12).
[ERROR DRT-0073] No access point for load_slew52/A (sky130_fd_sc_hd__buf_16).
[ERROR DRT-0073] No access point for load_slew54/A (sky130_fd_sc_hd__buf_16).
[ERROR DRT-0073] No access point for load_slew55/A (sky130_fd_sc_hd__buf_16).
[ERROR DRT-0073] No access point for load_slew56/A (sky130_fd_sc_hd__buf_16).
[ERROR DRT-0073] No access point for load_slew57/A (sky130_fd_sc_hd__buf_16).
[ERROR DRT-0073] No access point for load_slew58/A (sky130_fd_sc_hd__buf_16).
[ERROR DRT-0073] No access point for load_slew60/A (sky130_fd_sc_hd__buf_16).
[ERROR DRT-0073] No access point for load_slew65/X (sky130_fd_sc_hd__buf_6).
[ERROR DRT-0073] No access point for load_slew66/X (sky130_fd_sc_hd__buf_6).
[ERROR DRT-0073] No access point for load_slew68/A (sky130_fd_sc_hd__buf_6).
[ERROR DRT-0073] No access point for load_slew69/A (sky130_fd_sc_hd__buf_12).
[ERROR DRT-0073] No access point for load_slew70/A (sky130_fd_sc_hd__buf_16).
[ERROR DRT-0073] No access point for load_slew9/A (sky130_fd_sc_hd__probe_p_8).
[ERROR DRT-0073] No access point for max_cap157/A (sky130_fd_sc_hd__buf_6).
[ERROR DRT-0073] No access point for max_cap231/A (sky130_fd_sc_hd__buf_6).
[ERROR DRT-0073] No access point for max_cap341/A (sky130_fd_sc_hd__buf_16).
[ERROR DRT-0073] No access point for max_cap351/A (sky130_fd_sc_hd__buf_16).
[ERROR DRT-0073] No access point for wire10/A (sky130_fd_sc_hd__buf_8).
[ERROR DRT-0073] No access point for wire100/A (sky130_fd_sc_hd__buf_4).
[ERROR DRT-0073] No access point for wire101/A (sky130_fd_sc_hd__buf_4).
[ERROR DRT-0073] No access point for wire104/A (sky130_fd_sc_hd__buf_4).
[ERROR DRT-0073] No access point for wire105/A (sky130_fd_sc_hd__buf_12).
[ERROR DRT-0073] No access point for wire114/A (sky130_fd_sc_hd__buf_6).
[ERROR DRT-0073] No access point for wire115/A (sky130_fd_sc_hd__buf_6).
[ERROR DRT-0073] No access point for wire116/A (sky130_fd_sc_hd__buf_4).
[ERROR DRT-0073] No access point for wire120/A (sky130_fd_sc_hd__buf_6).
[ERROR DRT-0073] No access point for wire121/A (sky130_fd_sc_hd__clkbuf_8).
[ERROR DRT-0073] No access point for wire123/A (sky130_fd_sc_hd__buf_6).
[ERROR DRT-0073] No access point for wire124/A (sky130_fd_sc_hd__buf_12).
[ERROR DRT-0073] No access point for wire125/A (sky130_fd_sc_hd__buf_6).
[ERROR DRT-0073] No access point for wire126/A (sky130_fd_sc_hd__probe_p_8).
[ERROR DRT-0073] No access point for wire127/A (sky130_fd_sc_hd__buf_12).
[ERROR DRT-0073] No access point for wire134/A (sky130_fd_sc_hd__buf_12).
[ERROR DRT-0073] No access point for wire144/A (sky130_fd_sc_hd__buf_12).
[ERROR DRT-0073] No access point for wire145/A (sky130_fd_sc_hd__buf_6).
[ERROR DRT-0073] No access point for wire146/A (sky130_fd_sc_hd__buf_6).
[ERROR DRT-0073] No access point for wire147/A (sky130_fd_sc_hd__buf_12).
[ERROR DRT-0073] No access point for wire148/A (sky130_fd_sc_hd__buf_12).
[ERROR DRT-0073] No access point for wire149/A (sky130_fd_sc_hd__buf_4).
[ERROR DRT-0073] No access point for wire152/A (sky130_fd_sc_hd__buf_4).
[ERROR DRT-0073] No access point for wire156/A (sky130_fd_sc_hd__buf_4).
[ERROR DRT-0073] No access point for wire158/A (sky130_fd_sc_hd__buf_16).
[ERROR DRT-0073] No access point for wire159/A (sky130_fd_sc_hd__buf_16).
[ERROR DRT-0073] No access point for wire162/A (sky130_fd_sc_hd__buf_12).
[ERROR DRT-0073] No access point for wire163/A (sky130_fd_sc_hd__buf_16).
[ERROR DRT-0073] No access point for wire164/A (sky130_fd_sc_hd__buf_12).
[ERROR DRT-0073] No access point for wire166/A (sky130_fd_sc_hd__buf_12).
[ERROR DRT-0073] No access point for wire17/A (sky130_fd_sc_hd__probec_p_8).
[ERROR DRT-0073] No access point for wire172/A (sky130_fd_sc_hd__buf_16).
[ERROR DRT-0073] No access point for wire175/A (sky130_fd_sc_hd__buf_4).
[ERROR DRT-0073] No access point for wire176/A (sky130_fd_sc_hd__buf_4).
[ERROR DRT-0073] No access point for wire177/A (sky130_fd_sc_hd__buf_4).
[ERROR DRT-0073] No access point for wire178/A (sky130_fd_sc_hd__buf_4).
[ERROR DRT-0073] No access point for wire179/A (sky130_fd_sc_hd__buf_2).
[ERROR DRT-0073] No access point for wire18/A (sky130_fd_sc_hd__buf_16).
[ERROR DRT-0073] No access point for wire180/A (sky130_fd_sc_hd__buf_4).
[ERROR DRT-0073] No access point for wire181/A (sky130_fd_sc_hd__buf_4).
[ERROR DRT-0073] No access point for wire182/A (sky130_fd_sc_hd__buf_4).
[ERROR DRT-0073] No access point for wire183/A (sky130_fd_sc_hd__buf_4).
[ERROR DRT-0073] No access point for wire186/A (sky130_fd_sc_hd__buf_2).
[ERROR DRT-0073] No access point for wire187/A (sky130_fd_sc_hd__buf_4).
[ERROR DRT-0073] No access point for wire188/A (sky130_fd_sc_hd__buf_2).
[ERROR DRT-0073] No access point for wire189/A (sky130_fd_sc_hd__buf_6).
[ERROR DRT-0073] No access point for wire190/A (sky130_fd_sc_hd__buf_2).
[ERROR DRT-0073] No access point for wire191/A (sky130_fd_sc_hd__buf_6).
[ERROR DRT-0073] No access point for wire192/A (sky130_fd_sc_hd__buf_2).
[ERROR DRT-0073] No access point for wire193/A (sky130_fd_sc_hd__buf_4).
[ERROR DRT-0073] No access point for wire194/A (sky130_fd_sc_hd__buf_2).
[ERROR DRT-0073] No access point for wire195/A (sky130_fd_sc_hd__buf_4).
[ERROR DRT-0073] No access point for wire196/A (sky130_fd_sc_hd__buf_2).
[ERROR DRT-0073] No access point for wire197/A (sky130_fd_sc_hd__buf_4).
[ERROR DRT-0073] No access point for wire198/A (sky130_fd_sc_hd__buf_2).
[ERROR DRT-0073] No access point for wire199/A (sky130_fd_sc_hd__buf_6).
[ERROR DRT-0073] No access point for wire200/A (sky130_fd_sc_hd__buf_2).
[ERROR DRT-0073] No access point for wire201/A (sky130_fd_sc_hd__buf_6).
[ERROR DRT-0073] No access point for wire202/A (sky130_fd_sc_hd__buf_2).
[ERROR DRT-0073] No access point for wire203/A (sky130_fd_sc_hd__buf_6).
[ERROR DRT-0073] No access point for wire204/A (sky130_fd_sc_hd__buf_2).
[ERROR DRT-0073] No access point for wire205/A (sky130_fd_sc_hd__buf_6).
[ERROR DRT-0073] No access point for wire206/A (sky130_fd_sc_hd__buf_4).
[ERROR DRT-0073] No access point for wire207/A (sky130_fd_sc_hd__buf_6).
[ERROR DRT-0073] No access point for wire208/A (sky130_fd_sc_hd__buf_4).
[ERROR DRT-0073] No access point for wire209/A (sky130_fd_sc_hd__buf_6).
[ERROR DRT-0073] No access point for wire21/A (sky130_fd_sc_hd__buf_4).
[ERROR DRT-0073] No access point for wire210/A (sky130_fd_sc_hd__buf_2).
[ERROR DRT-0073] No access point for wire211/A (sky130_fd_sc_hd__buf_6).
[ERROR DRT-0073] No access point for wire212/A (sky130_fd_sc_hd__buf_4).
[ERROR DRT-0073] No access point for wire213/A (sky130_fd_sc_hd__buf_6).
[ERROR DRT-0073] No access point for wire214/A (sky130_fd_sc_hd__buf_2).
[ERROR DRT-0073] No access point for wire216/A (sky130_fd_sc_hd__buf_2).
[ERROR DRT-0073] No access point for wire217/A (sky130_fd_sc_hd__buf_4).
[ERROR DRT-0073] No access point for wire218/A (sky130_fd_sc_hd__buf_2).
[ERROR DRT-0073] No access point for wire219/A (sky130_fd_sc_hd__buf_4).
[ERROR DRT-0073] No access point for wire220/A (sky130_fd_sc_hd__buf_6).
[ERROR DRT-0073] No access point for wire223/X (sky130_fd_sc_hd__buf_12).
[ERROR DRT-0073] No access point for wire224/A (sky130_fd_sc_hd__buf_4).
[ERROR DRT-0073] No access point for wire229/A (sky130_fd_sc_hd__clkbuf_4).
[ERROR DRT-0073] No access point for wire23/A (sky130_fd_sc_hd__buf_8).
[ERROR DRT-0073] No access point for wire230/A (sky130_fd_sc_hd__buf_4).
[ERROR DRT-0073] No access point for wire233/A (sky130_fd_sc_hd__buf_16).
[ERROR DRT-0073] No access point for wire235/A (sky130_fd_sc_hd__buf_16).
[ERROR DRT-0073] No access point for wire237/A (sky130_fd_sc_hd__buf_16).
[ERROR DRT-0073] No access point for wire24/A (sky130_fd_sc_hd__buf_16).
[ERROR DRT-0073] No access point for wire240/A (sky130_fd_sc_hd__buf_16).
[ERROR DRT-0073] No access point for wire241/A (sky130_fd_sc_hd__buf_8).
[ERROR DRT-0073] No access point for wire242/A (sky130_fd_sc_hd__buf_16).
[ERROR DRT-0073] No access point for wire243/A (sky130_fd_sc_hd__buf_8).
[ERROR DRT-0073] No access point for wire247/A (sky130_fd_sc_hd__buf_16).
[ERROR DRT-0073] No access point for wire26/A (sky130_fd_sc_hd__buf_16).
[ERROR DRT-0073] No access point for wire266/A (sky130_fd_sc_hd__buf_6).
[ERROR DRT-0073] No access point for wire267/A (sky130_fd_sc_hd__buf_6).
[ERROR DRT-0073] No access point for wire268/A (sky130_fd_sc_hd__buf_6).
[ERROR DRT-0073] No access point for wire269/A (sky130_fd_sc_hd__buf_4).
[ERROR DRT-0073] No access point for wire270/A (sky130_fd_sc_hd__buf_4).
[ERROR DRT-0073] No access point for wire271/A (sky130_fd_sc_hd__buf_6).
[ERROR DRT-0073] No access point for wire272/A (sky130_fd_sc_hd__buf_6).
[ERROR DRT-0073] No access point for wire273/A (sky130_fd_sc_hd__buf_6).
[ERROR DRT-0073] No access point for wire274/A (sky130_fd_sc_hd__buf_6).
[ERROR DRT-0073] No access point for wire275/A (sky130_fd_sc_hd__buf_6).
[ERROR DRT-0073] No access point for wire276/A (sky130_fd_sc_hd__clkbuf_4).
[ERROR DRT-0073] No access point for wire277/A (sky130_fd_sc_hd__clkbuf_4).
[ERROR DRT-0073] No access point for wire278/A (sky130_fd_sc_hd__buf_4).
[ERROR DRT-0073] No access point for wire279/A (sky130_fd_sc_hd__buf_4).
[ERROR DRT-0073] No access point for wire280/A (sky130_fd_sc_hd__buf_4).
[ERROR DRT-0073] No access point for wire281/A (sky130_fd_sc_hd__buf_4).
[ERROR DRT-0073] No access point for wire282/A (sky130_fd_sc_hd__clkbuf_4).
[ERROR DRT-0073] No access point for wire283/A (sky130_fd_sc_hd__buf_4).
[ERROR DRT-0073] No access point for wire284/A (sky130_fd_sc_hd__buf_4).
[ERROR DRT-0073] No access point for wire286/A (sky130_fd_sc_hd__buf_4).
[ERROR DRT-0073] No access point for wire287/A (sky130_fd_sc_hd__buf_4).
[ERROR DRT-0073] No access point for wire288/A (sky130_fd_sc_hd__buf_4).
[ERROR DRT-0073] No access point for wire289/A (sky130_fd_sc_hd__clkbuf_4).
[ERROR DRT-0073] No access point for wire29/A (sky130_fd_sc_hd__buf_16).
[ERROR DRT-0073] No access point for wire293/A (sky130_fd_sc_hd__clkbuf_4).
[ERROR DRT-0073] No access point for wire294/A (sky130_fd_sc_hd__clkbuf_4).
[ERROR DRT-0073] No access point for wire296/A (sky130_fd_sc_hd__clkbuf_4).
[ERROR DRT-0073] No access point for wire298/A (sky130_fd_sc_hd__buf_12).
[ERROR DRT-0073] No access point for wire299/A (sky130_fd_sc_hd__buf_12).
[ERROR DRT-0073] No access point for wire300/A (sky130_fd_sc_hd__buf_12).
[ERROR DRT-0073] No access point for wire303/A (sky130_fd_sc_hd__buf_12).
[ERROR DRT-0073] No access point for wire304/A (sky130_fd_sc_hd__buf_16).
[ERROR DRT-0073] No access point for wire305/A (sky130_fd_sc_hd__buf_16).
[ERROR DRT-0073] No access point for wire306/A (sky130_fd_sc_hd__buf_16).
[ERROR DRT-0073] No access point for wire31/A (sky130_fd_sc_hd__buf_16).
[ERROR DRT-0073] No access point for wire311/A (sky130_fd_sc_hd__buf_16).
[ERROR DRT-0073] No access point for wire312/A (sky130_fd_sc_hd__buf_16).
[ERROR DRT-0073] No access point for wire325/A (sky130_fd_sc_hd__buf_16).
[ERROR DRT-0073] No access point for wire330/A (sky130_fd_sc_hd__buf_16).
[ERROR DRT-0073] No access point for wire333/A (sky130_fd_sc_hd__buf_16).
[ERROR DRT-0073] No access point for wire338/A (sky130_fd_sc_hd__buf_16).
[ERROR DRT-0073] No access point for wire340/A (sky130_fd_sc_hd__buf_16).
[ERROR DRT-0073] No access point for wire343/A (sky130_fd_sc_hd__buf_16).
[ERROR DRT-0073] No access point for wire347/A (sky130_fd_sc_hd__buf_16).
[ERROR DRT-0073] No access point for wire350/A (sky130_fd_sc_hd__buf_16).
[ERROR DRT-0073] No access point for wire354/A (sky130_fd_sc_hd__buf_12).
[ERROR DRT-0073] No access point for wire355/A (sky130_fd_sc_hd__buf_16).
[ERROR DRT-0073] No access point for wire363/A (sky130_fd_sc_hd__buf_12).
[ERROR DRT-0073] No access point for wire364/A (sky130_fd_sc_hd__buf_12).
[ERROR DRT-0073] No access point for wire367/A (sky130_fd_sc_hd__buf_12).
[ERROR DRT-0073] No access point for wire38/A (sky130_fd_sc_hd__buf_16).
[ERROR DRT-0073] No access point for wire39/A (sky130_fd_sc_hd__buf_16).
[ERROR DRT-0073] No access point for wire53/A (sky130_fd_sc_hd__buf_16).
[ERROR DRT-0073] No access point for wire59/A (sky130_fd_sc_hd__buf_16).
[ERROR DRT-0073] No access point for wire61/A (sky130_fd_sc_hd__buf_16).
[ERROR DRT-0073] No access point for wire62/A (sky130_fd_sc_hd__buf_16).
[ERROR DRT-0073] No access point for wire63/A (sky130_fd_sc_hd__buf_16).
[ERROR DRT-0073] No access point for wire67/A (sky130_fd_sc_hd__buf_6).
[ERROR DRT-0073] No access point for wire71/A (sky130_fd_sc_hd__buf_4).
[ERROR DRT-0073] No access point for wire72/A (sky130_fd_sc_hd__buf_4).
[ERROR DRT-0073] No access point for wire73/A (sky130_fd_sc_hd__buf_6).
[ERROR DRT-0073] No access point for wire74/A (sky130_fd_sc_hd__buf_4).
[ERROR DRT-0073] No access point for wire75/A (sky130_fd_sc_hd__buf_4).
[ERROR DRT-0073] No access point for wire76/A (sky130_fd_sc_hd__buf_4).
[ERROR DRT-0073] No access point for wire77/A (sky130_fd_sc_hd__buf_4).
[ERROR DRT-0073] No access point for wire78/A (sky130_fd_sc_hd__buf_4).
[ERROR DRT-0073] No access point for wire79/A (sky130_fd_sc_hd__buf_4).
[ERROR DRT-0073] No access point for wire80/A (sky130_fd_sc_hd__buf_4).
[ERROR DRT-0073] No access point for wire81/A (sky130_fd_sc_hd__buf_4).
[ERROR DRT-0073] No access point for wire82/A (sky130_fd_sc_hd__buf_6).
[ERROR DRT-0073] No access point for wire83/A (sky130_fd_sc_hd__buf_4).
[ERROR DRT-0073] No access point for wire84/A (sky130_fd_sc_hd__buf_4).
[ERROR DRT-0073] No access point for wire85/A (sky130_fd_sc_hd__buf_4).
[ERROR DRT-0073] No access point for wire86/A (sky130_fd_sc_hd__buf_4).
[ERROR DRT-0073] No access point for wire87/A (sky130_fd_sc_hd__buf_4).
[ERROR DRT-0073] No access point for wire88/A (sky130_fd_sc_hd__buf_4).
[ERROR DRT-0073] No access point for wire89/A (sky130_fd_sc_hd__buf_6).
[ERROR DRT-0073] No access point for wire90/A (sky130_fd_sc_hd__buf_6).
[ERROR DRT-0073] No access point for wire91/A (sky130_fd_sc_hd__buf_6).
[ERROR DRT-0073] No access point for wire92/A (sky130_fd_sc_hd__buf_6).
[ERROR DRT-0073] No access point for wire93/A (sky130_fd_sc_hd__buf_4).
[ERROR DRT-0073] No access point for wire94/A (sky130_fd_sc_hd__buf_4).
[ERROR DRT-0073] No access point for wire95/A (sky130_fd_sc_hd__buf_4).
[ERROR DRT-0073] No access point for wire96/A (sky130_fd_sc_hd__buf_4).
[ERROR DRT-0073] No access point for wire97/A (sky130_fd_sc_hd__buf_4).
[ERROR DRT-0073] No access point for wire99/A (sky130_fd_sc_hd__buf_4).
DRT-0073
[ERROR GRT-0045] Run global_route before repair_antennas.
GRT-0045
[WARNING DRT-0120] Large net reset_n has 183 pins which may impact routing performance. Consider optimization.
[INFO DRT-0018]   Complete 100000 insts.
[INFO DRT-0024]   Complete FR_MASTERSLICE.
[INFO DRT-0024]   Complete Fr_VIA.
[INFO DRT-0024]   Complete li1.
[INFO DRT-0024]   Complete mcon.
[INFO DRT-0024]   Complete met1.
[INFO DRT-0024]   Complete via.
[INFO DRT-0024]   Complete met2.
[INFO DRT-0024]   Complete via2.
[INFO DRT-0024]   Complete met3.
[INFO DRT-0024]   Complete via3.
[INFO DRT-0024]   Complete met4.
[INFO DRT-0024]   Complete via4.
[INFO DRT-0024]   Complete met5.
[INFO DRT-0165] Start pin access.
[INFO DRT-0076]   Complete 1000 pins.
[INFO DRT-0076]   Complete 2000 pins.
[INFO DRT-0076]   Complete 3000 pins.
[INFO DRT-0076]   Complete 4000 pins.
[INFO DRT-0076]   Complete 5000 pins.
[INFO DRT-0076]   Complete 6000 pins.
[INFO DRT-0076]   Complete 7000 pins.
[INFO DRT-0076]   Complete 8000 pins.
[INFO DRT-0076]   Complete 9000 pins.
[INFO DRT-0076]   Complete 10000 pins.
[ERROR DRT-0073] No access point for load_slew103/A (sky130_fd_sc_hd__buf_12).
[ERROR DRT-0073] No access point for load_slew11/A (sky130_fd_sc_hd__buf_16).
[ERROR DRT-0073] No access point for load_slew111/A (sky130_fd_sc_hd__buf_6).
[ERROR DRT-0073] No access point for load_slew112/A (sky130_fd_sc_hd__buf_6).
[ERROR DRT-0073] No access point for load_slew113/A (sky130_fd_sc_hd__buf_6).
[ERROR DRT-0073] No access point for load_slew117/A (sky130_fd_sc_hd__buf_6).
[ERROR DRT-0073] No access point for load_slew118/A (sky130_fd_sc_hd__buf_6).
[ERROR DRT-0073] No access point for load_slew119/A (sky130_fd_sc_hd__buf_6).
[ERROR DRT-0073] No access point for load_slew122/A (sky130_fd_sc_hd__buf_6).
[ERROR DRT-0073] No access point for load_slew128/A (sky130_fd_sc_hd__probe_p_8).
[ERROR DRT-0073] No access point for load_slew129/A (sky130_fd_sc_hd__buf_6).
[ERROR DRT-0073] No access point for load_slew130/A (sky130_fd_sc_hd__buf_6).
[ERROR DRT-0073] No access point for load_slew131/A (sky130_fd_sc_hd__buf_6).
[ERROR DRT-0073] No access point for load_slew133/A (sky130_fd_sc_hd__buf_16).
[ERROR DRT-0073] No access point for load_slew135/A (sky130_fd_sc_hd__buf_4).
[ERROR DRT-0073] No access point for load_slew136/A (sky130_fd_sc_hd__clkbuf_4).
[ERROR DRT-0073] No access point for load_slew137/A (sky130_fd_sc_hd__buf_4).
[ERROR DRT-0073] No access point for load_slew138/A (sky130_fd_sc_hd__clkbuf_4).
[ERROR DRT-0073] No access point for load_slew139/A (sky130_fd_sc_hd__clkbuf_4).
[ERROR DRT-0073] No access point for load_slew140/A (sky130_fd_sc_hd__clkbuf_4).
[ERROR DRT-0073] No access point for load_slew141/A (sky130_fd_sc_hd__clkbuf_4).
[ERROR DRT-0073] No access point for load_slew143/A (sky130_fd_sc_hd__buf_4).
[ERROR DRT-0073] No access point for load_slew150/A (sky130_fd_sc_hd__buf_4).
[ERROR DRT-0073] No access point for load_slew151/A (sky130_fd_sc_hd__clkbuf_4).
[ERROR DRT-0073] No access point for load_slew153/A (sky130_fd_sc_hd__buf_4).
[ERROR DRT-0073] No access point for load_slew154/A (sky130_fd_sc_hd__buf_4).
[ERROR DRT-0073] No access point for load_slew155/A (sky130_fd_sc_hd__buf_4).
[ERROR DRT-0073] No access point for load_slew160/A (sky130_fd_sc_hd__buf_12).
[ERROR DRT-0073] No access point for load_slew161/A (sky130_fd_sc_hd__buf_16).
[ERROR DRT-0073] No access point for load_slew165/A (sky130_fd_sc_hd__buf_16).
[ERROR DRT-0073] No access point for load_slew167/A (sky130_fd_sc_hd__buf_12).
[ERROR DRT-0073] No access point for load_slew168/A (sky130_fd_sc_hd__buf_16).
[ERROR DRT-0073] No access point for load_slew169/A (sky130_fd_sc_hd__buf_8).
[ERROR DRT-0073] No access point for load_slew170/A (sky130_fd_sc_hd__buf_16).
[ERROR DRT-0073] No access point for load_slew173/A (sky130_fd_sc_hd__buf_16).
[ERROR DRT-0073] No access point for load_slew19/A (sky130_fd_sc_hd__buf_6).
[ERROR DRT-0073] No access point for load_slew20/A (sky130_fd_sc_hd__buf_16).
[ERROR DRT-0073] No access point for load_slew221/X (sky130_fd_sc_hd__buf_6).
[ERROR DRT-0073] No access point for load_slew228/A (sky130_fd_sc_hd__buf_4).
[ERROR DRT-0073] No access point for load_slew234/A (sky130_fd_sc_hd__buf_16).
[ERROR DRT-0073] No access point for load_slew236/A (sky130_fd_sc_hd__buf_16).
[ERROR DRT-0073] No access point for load_slew238/A (sky130_fd_sc_hd__buf_16).
[ERROR DRT-0073] No access point for load_slew239/A (sky130_fd_sc_hd__probe_p_8).
[ERROR DRT-0073] No access point for load_slew244/A (sky130_fd_sc_hd__buf_16).
[ERROR DRT-0073] No access point for load_slew246/A (sky130_fd_sc_hd__buf_16).
[ERROR DRT-0073] No access point for load_slew264/A (sky130_fd_sc_hd__buf_16).
[ERROR DRT-0073] No access point for load_slew27/A (sky130_fd_sc_hd__buf_16).
[ERROR DRT-0073] No access point for load_slew28/A (sky130_fd_sc_hd__buf_16).
[ERROR DRT-0073] No access point for load_slew297/A (sky130_fd_sc_hd__buf_12).
[ERROR DRT-0073] No access point for load_slew30/A (sky130_fd_sc_hd__buf_16).
[ERROR DRT-0073] No access point for load_slew301/A (sky130_fd_sc_hd__buf_16).
[ERROR DRT-0073] No access point for load_slew302/A (sky130_fd_sc_hd__buf_12).
[ERROR DRT-0073] No access point for load_slew307/A (sky130_fd_sc_hd__buf_16).
[ERROR DRT-0073] No access point for load_slew308/A (sky130_fd_sc_hd__buf_12).
[ERROR DRT-0073] No access point for load_slew309/A (sky130_fd_sc_hd__buf_16).
[ERROR DRT-0073] No access point for load_slew310/A (sky130_fd_sc_hd__buf_16).
[ERROR DRT-0073] No access point for load_slew313/A (sky130_fd_sc_hd__buf_16).
[ERROR DRT-0073] No access point for load_slew314/A (sky130_fd_sc_hd__buf_16).
[ERROR DRT-0073] No access point for load_slew316/A (sky130_fd_sc_hd__buf_16).
[ERROR DRT-0073] No access point for load_slew317/A (sky130_fd_sc_hd__buf_16).
[ERROR DRT-0073] No access point for load_slew318/A (sky130_fd_sc_hd__buf_16).
[ERROR DRT-0073] No access point for load_slew32/A (sky130_fd_sc_hd__buf_16).
[ERROR DRT-0073] No access point for load_slew321/A (sky130_fd_sc_hd__buf_12).
[ERROR DRT-0073] No access point for load_slew322/A (sky130_fd_sc_hd__buf_12).
[ERROR DRT-0073] No access point for load_slew323/A (sky130_fd_sc_hd__buf_16).
[ERROR DRT-0073] No access point for load_slew324/A (sky130_fd_sc_hd__buf_16).
[ERROR DRT-0073] No access point for load_slew326/A (sky130_fd_sc_hd__buf_16).
[ERROR DRT-0073] No access point for load_slew327/A (sky130_fd_sc_hd__buf_16).
[ERROR DRT-0073] No access point for load_slew328/A (sky130_fd_sc_hd__buf_16).
[ERROR DRT-0073] No access point for load_slew33/A (sky130_fd_sc_hd__buf_16).
[ERROR DRT-0073] No access point for load_slew332/A (sky130_fd_sc_hd__buf_16).
[ERROR DRT-0073] No access point for load_slew334/A (sky130_fd_sc_hd__buf_16).
[ERROR DRT-0073] No access point for load_slew335/A (sky130_fd_sc_hd__buf_16).
[ERROR DRT-0073] No access point for load_slew336/A (sky130_fd_sc_hd__buf_16).
[ERROR DRT-0073] No access point for load_slew337/A (sky130_fd_sc_hd__buf_12).
[ERROR DRT-0073] No access point for load_slew34/A (sky130_fd_sc_hd__buf_16).
[ERROR DRT-0073] No access point for load_slew344/A (sky130_fd_sc_hd__buf_16).
[ERROR DRT-0073] No access point for load_slew349/A (sky130_fd_sc_hd__buf_16).
[ERROR DRT-0073] No access point for load_slew35/A (sky130_fd_sc_hd__buf_16).
[ERROR DRT-0073] No access point for load_slew356/A (sky130_fd_sc_hd__buf_16).
[ERROR DRT-0073] No access point for load_slew36/A (sky130_fd_sc_hd__buf_16).
[ERROR DRT-0073] No access point for load_slew366/A (sky130_fd_sc_hd__buf_12).
[ERROR DRT-0073] No access point for load_slew37/A (sky130_fd_sc_hd__buf_12).
[ERROR DRT-0073] No access point for load_slew40/A (sky130_fd_sc_hd__buf_16).
[ERROR DRT-0073] No access point for load_slew41/A (sky130_fd_sc_hd__buf_16).
[ERROR DRT-0073] No access point for load_slew42/A (sky130_fd_sc_hd__buf_16).
[ERROR DRT-0073] No access point for load_slew43/A (sky130_fd_sc_hd__buf_16).
[ERROR DRT-0073] No access point for load_slew44/A (sky130_fd_sc_hd__buf_12).
[ERROR DRT-0073] No access point for load_slew45/A (sky130_fd_sc_hd__buf_12).
[ERROR DRT-0073] No access point for load_slew46/X (sky130_fd_sc_hd__buf_12).
[ERROR DRT-0073] No access point for load_slew47/A (sky130_fd_sc_hd__buf_16).
[ERROR DRT-0073] No access point for load_slew48/A (sky130_fd_sc_hd__buf_16).
[ERROR DRT-0073] No access point for load_slew49/A (sky130_fd_sc_hd__buf_12).
[ERROR DRT-0073] No access point for load_slew50/A (sky130_fd_sc_hd__buf_12).
[ERROR DRT-0073] No access point for load_slew51/A (sky130_fd_sc_hd__buf_12).
[ERROR DRT-0073] No access point for load_slew52/A (sky130_fd_sc_hd__buf_16).
[ERROR DRT-0073] No access point for load_slew54/A (sky130_fd_sc_hd__buf_16).
[ERROR DRT-0073] No access point for load_slew55/A (sky130_fd_sc_hd__buf_16).
[ERROR DRT-0073] No access point for load_slew56/A (sky130_fd_sc_hd__buf_16).
[ERROR DRT-0073] No access point for load_slew57/A (sky130_fd_sc_hd__buf_16).
[ERROR DRT-0073] No access point for load_slew58/A (sky130_fd_sc_hd__buf_16).
[ERROR DRT-0073] No access point for load_slew60/A (sky130_fd_sc_hd__buf_16).
[ERROR DRT-0073] No access point for load_slew65/X (sky130_fd_sc_hd__buf_6).
[ERROR DRT-0073] No access point for load_slew66/X (sky130_fd_sc_hd__buf_6).
[ERROR DRT-0073] No access point for load_slew68/A (sky130_fd_sc_hd__buf_6).
[ERROR DRT-0073] No access point for load_slew69/A (sky130_fd_sc_hd__buf_12).
[ERROR DRT-0073] No access point for load_slew70/A (sky130_fd_sc_hd__buf_16).
[ERROR DRT-0073] No access point for load_slew9/A (sky130_fd_sc_hd__probe_p_8).
[ERROR DRT-0073] No access point for max_cap157/A (sky130_fd_sc_hd__buf_6).
[ERROR DRT-0073] No access point for max_cap231/A (sky130_fd_sc_hd__buf_6).
[ERROR DRT-0073] No access point for max_cap341/A (sky130_fd_sc_hd__buf_16).
[ERROR DRT-0073] No access point for max_cap351/A (sky130_fd_sc_hd__buf_16).
[ERROR DRT-0073] No access point for wire10/A (sky130_fd_sc_hd__buf_8).
[ERROR DRT-0073] No access point for wire100/A (sky130_fd_sc_hd__buf_4).
[ERROR DRT-0073] No access point for wire101/A (sky130_fd_sc_hd__buf_4).
[ERROR DRT-0073] No access point for wire104/A (sky130_fd_sc_hd__buf_4).
[ERROR DRT-0073] No access point for wire105/A (sky130_fd_sc_hd__buf_12).
[ERROR DRT-0073] No access point for wire114/A (sky130_fd_sc_hd__buf_6).
[ERROR DRT-0073] No access point for wire115/A (sky130_fd_sc_hd__buf_6).
[ERROR DRT-0073] No access point for wire116/A (sky130_fd_sc_hd__buf_4).
[ERROR DRT-0073] No access point for wire120/A (sky130_fd_sc_hd__buf_6).
[ERROR DRT-0073] No access point for wire121/A (sky130_fd_sc_hd__clkbuf_8).
[ERROR DRT-0073] No access point for wire123/A (sky130_fd_sc_hd__buf_6).
[ERROR DRT-0073] No access point for wire124/A (sky130_fd_sc_hd__buf_12).
[ERROR DRT-0073] No access point for wire125/A (sky130_fd_sc_hd__buf_6).
[ERROR DRT-0073] No access point for wire126/A (sky130_fd_sc_hd__probe_p_8).
[ERROR DRT-0073] No access point for wire127/A (sky130_fd_sc_hd__buf_12).
[ERROR DRT-0073] No access point for wire134/A (sky130_fd_sc_hd__buf_12).
[ERROR DRT-0073] No access point for wire144/A (sky130_fd_sc_hd__buf_12).
[ERROR DRT-0073] No access point for wire145/A (sky130_fd_sc_hd__buf_6).
[ERROR DRT-0073] No access point for wire146/A (sky130_fd_sc_hd__buf_6).
[ERROR DRT-0073] No access point for wire147/A (sky130_fd_sc_hd__buf_12).
[ERROR DRT-0073] No access point for wire148/A (sky130_fd_sc_hd__buf_12).
[ERROR DRT-0073] No access point for wire149/A (sky130_fd_sc_hd__buf_4).
[ERROR DRT-0073] No access point for wire152/A (sky130_fd_sc_hd__buf_4).
[ERROR DRT-0073] No access point for wire156/A (sky130_fd_sc_hd__buf_4).
[ERROR DRT-0073] No access point for wire158/A (sky130_fd_sc_hd__buf_16).
[ERROR DRT-0073] No access point for wire159/A (sky130_fd_sc_hd__buf_16).
[ERROR DRT-0073] No access point for wire162/A (sky130_fd_sc_hd__buf_12).
[ERROR DRT-0073] No access point for wire163/A (sky130_fd_sc_hd__buf_16).
[ERROR DRT-0073] No access point for wire164/A (sky130_fd_sc_hd__buf_12).
[ERROR DRT-0073] No access point for wire166/A (sky130_fd_sc_hd__buf_12).
[ERROR DRT-0073] No access point for wire17/A (sky130_fd_sc_hd__probec_p_8).
[ERROR DRT-0073] No access point for wire172/A (sky130_fd_sc_hd__buf_16).
[ERROR DRT-0073] No access point for wire175/A (sky130_fd_sc_hd__buf_4).
[ERROR DRT-0073] No access point for wire176/A (sky130_fd_sc_hd__buf_4).
[ERROR DRT-0073] No access point for wire177/A (sky130_fd_sc_hd__buf_4).
[ERROR DRT-0073] No access point for wire178/A (sky130_fd_sc_hd__buf_4).
[ERROR DRT-0073] No access point for wire179/A (sky130_fd_sc_hd__buf_2).
[ERROR DRT-0073] No access point for wire18/A (sky130_fd_sc_hd__buf_16).
[ERROR DRT-0073] No access point for wire180/A (sky130_fd_sc_hd__buf_4).
[ERROR DRT-0073] No access point for wire181/A (sky130_fd_sc_hd__buf_4).
[ERROR DRT-0073] No access point for wire182/A (sky130_fd_sc_hd__buf_4).
[ERROR DRT-0073] No access point for wire183/A (sky130_fd_sc_hd__buf_4).
[ERROR DRT-0073] No access point for wire186/A (sky130_fd_sc_hd__buf_2).
[ERROR DRT-0073] No access point for wire187/A (sky130_fd_sc_hd__buf_4).
[ERROR DRT-0073] No access point for wire188/A (sky130_fd_sc_hd__buf_2).
[ERROR DRT-0073] No access point for wire189/A (sky130_fd_sc_hd__buf_6).
[ERROR DRT-0073] No access point for wire190/A (sky130_fd_sc_hd__buf_2).
[ERROR DRT-0073] No access point for wire191/A (sky130_fd_sc_hd__buf_6).
[ERROR DRT-0073] No access point for wire192/A (sky130_fd_sc_hd__buf_2).
[ERROR DRT-0073] No access point for wire193/A (sky130_fd_sc_hd__buf_4).
[ERROR DRT-0073] No access point for wire194/A (sky130_fd_sc_hd__buf_2).
[ERROR DRT-0073] No access point for wire195/A (sky130_fd_sc_hd__buf_4).
[ERROR DRT-0073] No access point for wire196/A (sky130_fd_sc_hd__buf_2).
[ERROR DRT-0073] No access point for wire197/A (sky130_fd_sc_hd__buf_4).
[ERROR DRT-0073] No access point for wire198/A (sky130_fd_sc_hd__buf_2).
[ERROR DRT-0073] No access point for wire199/A (sky130_fd_sc_hd__buf_6).
[ERROR DRT-0073] No access point for wire200/A (sky130_fd_sc_hd__buf_2).
[ERROR DRT-0073] No access point for wire201/A (sky130_fd_sc_hd__buf_6).
[ERROR DRT-0073] No access point for wire202/A (sky130_fd_sc_hd__buf_2).
[ERROR DRT-0073] No access point for wire203/A (sky130_fd_sc_hd__buf_6).
[ERROR DRT-0073] No access point for wire204/A (sky130_fd_sc_hd__buf_2).
[ERROR DRT-0073] No access point for wire205/A (sky130_fd_sc_hd__buf_6).
[ERROR DRT-0073] No access point for wire206/A (sky130_fd_sc_hd__buf_4).
[ERROR DRT-0073] No access point for wire207/A (sky130_fd_sc_hd__buf_6).
[ERROR DRT-0073] No access point for wire208/A (sky130_fd_sc_hd__buf_4).
[ERROR DRT-0073] No access point for wire209/A (sky130_fd_sc_hd__buf_6).
[ERROR DRT-0073] No access point for wire21/A (sky130_fd_sc_hd__buf_4).
[ERROR DRT-0073] No access point for wire210/A (sky130_fd_sc_hd__buf_2).
[ERROR DRT-0073] No access point for wire211/A (sky130_fd_sc_hd__buf_6).
[ERROR DRT-0073] No access point for wire212/A (sky130_fd_sc_hd__buf_4).
[ERROR DRT-0073] No access point for wire213/A (sky130_fd_sc_hd__buf_6).
[ERROR DRT-0073] No access point for wire214/A (sky130_fd_sc_hd__buf_2).
[ERROR DRT-0073] No access point for wire216/A (sky130_fd_sc_hd__buf_2).
[ERROR DRT-0073] No access point for wire217/A (sky130_fd_sc_hd__buf_4).
[ERROR DRT-0073] No access point for wire218/A (sky130_fd_sc_hd__buf_2).
[ERROR DRT-0073] No access point for wire219/A (sky130_fd_sc_hd__buf_4).
[ERROR DRT-0073] No access point for wire220/A (sky130_fd_sc_hd__buf_6).
[ERROR DRT-0073] No access point for wire223/X (sky130_fd_sc_hd__buf_12).
[ERROR DRT-0073] No access point for wire224/A (sky130_fd_sc_hd__buf_4).
[ERROR DRT-0073] No access point for wire229/A (sky130_fd_sc_hd__clkbuf_4).
[ERROR DRT-0073] No access point for wire23/A (sky130_fd_sc_hd__buf_8).
[ERROR DRT-0073] No access point for wire230/A (sky130_fd_sc_hd__buf_4).
[ERROR DRT-0073] No access point for wire233/A (sky130_fd_sc_hd__buf_16).
[ERROR DRT-0073] No access point for wire235/A (sky130_fd_sc_hd__buf_16).
[ERROR DRT-0073] No access point for wire237/A (sky130_fd_sc_hd__buf_16).
[ERROR DRT-0073] No access point for wire24/A (sky130_fd_sc_hd__buf_16).
[ERROR DRT-0073] No access point for wire240/A (sky130_fd_sc_hd__buf_16).
[ERROR DRT-0073] No access point for wire241/A (sky130_fd_sc_hd__buf_8).
[ERROR DRT-0073] No access point for wire242/A (sky130_fd_sc_hd__buf_16).
[ERROR DRT-0073] No access point for wire243/A (sky130_fd_sc_hd__buf_8).
[ERROR DRT-0073] No access point for wire247/A (sky130_fd_sc_hd__buf_16).
[ERROR DRT-0073] No access point for wire26/A (sky130_fd_sc_hd__buf_16).
[ERROR DRT-0073] No access point for wire266/A (sky130_fd_sc_hd__buf_6).
[ERROR DRT-0073] No access point for wire267/A (sky130_fd_sc_hd__buf_6).
[ERROR DRT-0073] No access point for wire268/A (sky130_fd_sc_hd__buf_6).
[ERROR DRT-0073] No access point for wire269/A (sky130_fd_sc_hd__buf_4).
[ERROR DRT-0073] No access point for wire270/A (sky130_fd_sc_hd__buf_4).
[ERROR DRT-0073] No access point for wire271/A (sky130_fd_sc_hd__buf_6).
[ERROR DRT-0073] No access point for wire272/A (sky130_fd_sc_hd__buf_6).
[ERROR DRT-0073] No access point for wire273/A (sky130_fd_sc_hd__buf_6).
[ERROR DRT-0073] No access point for wire274/A (sky130_fd_sc_hd__buf_6).
[ERROR DRT-0073] No access point for wire275/A (sky130_fd_sc_hd__buf_6).
[ERROR DRT-0073] No access point for wire276/A (sky130_fd_sc_hd__clkbuf_4).
[ERROR DRT-0073] No access point for wire277/A (sky130_fd_sc_hd__clkbuf_4).
[ERROR DRT-0073] No access point for wire278/A (sky130_fd_sc_hd__buf_4).
[ERROR DRT-0073] No access point for wire279/A (sky130_fd_sc_hd__buf_4).
[ERROR DRT-0073] No access point for wire280/A (sky130_fd_sc_hd__buf_4).
[ERROR DRT-0073] No access point for wire281/A (sky130_fd_sc_hd__buf_4).
[ERROR DRT-0073] No access point for wire282/A (sky130_fd_sc_hd__clkbuf_4).
[ERROR DRT-0073] No access point for wire283/A (sky130_fd_sc_hd__buf_4).
[ERROR DRT-0073] No access point for wire284/A (sky130_fd_sc_hd__buf_4).
[ERROR DRT-0073] No access point for wire286/A (sky130_fd_sc_hd__buf_4).
[ERROR DRT-0073] No access point for wire287/A (sky130_fd_sc_hd__buf_4).
[ERROR DRT-0073] No access point for wire288/A (sky130_fd_sc_hd__buf_4).
[ERROR DRT-0073] No access point for wire289/A (sky130_fd_sc_hd__clkbuf_4).
[ERROR DRT-0073] No access point for wire29/A (sky130_fd_sc_hd__buf_16).
[ERROR DRT-0073] No access point for wire293/A (sky130_fd_sc_hd__clkbuf_4).
[ERROR DRT-0073] No access point for wire294/A (sky130_fd_sc_hd__clkbuf_4).
[ERROR DRT-0073] No access point for wire296/A (sky130_fd_sc_hd__clkbuf_4).
[ERROR DRT-0073] No access point for wire298/A (sky130_fd_sc_hd__buf_12).
[ERROR DRT-0073] No access point for wire299/A (sky130_fd_sc_hd__buf_12).
[ERROR DRT-0073] No access point for wire300/A (sky130_fd_sc_hd__buf_12).
[ERROR DRT-0073] No access point for wire303/A (sky130_fd_sc_hd__buf_12).
[ERROR DRT-0073] No access point for wire304/A (sky130_fd_sc_hd__buf_16).
[ERROR DRT-0073] No access point for wire305/A (sky130_fd_sc_hd__buf_16).
[ERROR DRT-0073] No access point for wire306/A (sky130_fd_sc_hd__buf_16).
[ERROR DRT-0073] No access point for wire31/A (sky130_fd_sc_hd__buf_16).
[ERROR DRT-0073] No access point for wire311/A (sky130_fd_sc_hd__buf_16).
[ERROR DRT-0073] No access point for wire312/A (sky130_fd_sc_hd__buf_16).
[ERROR DRT-0073] No access point for wire325/A (sky130_fd_sc_hd__buf_16).
[ERROR DRT-0073] No access point for wire330/A (sky130_fd_sc_hd__buf_16).
[ERROR DRT-0073] No access point for wire333/A (sky130_fd_sc_hd__buf_16).
[ERROR DRT-0073] No access point for wire338/A (sky130_fd_sc_hd__buf_16).
[ERROR DRT-0073] No access point for wire340/A (sky130_fd_sc_hd__buf_16).
[ERROR DRT-0073] No access point for wire343/A (sky130_fd_sc_hd__buf_16).
[ERROR DRT-0073] No access point for wire347/A (sky130_fd_sc_hd__buf_16).
[ERROR DRT-0073] No access point for wire350/A (sky130_fd_sc_hd__buf_16).
[ERROR DRT-0073] No access point for wire354/A (sky130_fd_sc_hd__buf_12).
[ERROR DRT-0073] No access point for wire355/A (sky130_fd_sc_hd__buf_16).
[ERROR DRT-0073] No access point for wire363/A (sky130_fd_sc_hd__buf_12).
[ERROR DRT-0073] No access point for wire364/A (sky130_fd_sc_hd__buf_12).
[ERROR DRT-0073] No access point for wire367/A (sky130_fd_sc_hd__buf_12).
[ERROR DRT-0073] No access point for wire38/A (sky130_fd_sc_hd__buf_16).
[ERROR DRT-0073] No access point for wire39/A (sky130_fd_sc_hd__buf_16).
[ERROR DRT-0073] No access point for wire53/A (sky130_fd_sc_hd__buf_16).
[ERROR DRT-0073] No access point for wire59/A (sky130_fd_sc_hd__buf_16).
[ERROR DRT-0073] No access point for wire61/A (sky130_fd_sc_hd__buf_16).
[ERROR DRT-0073] No access point for wire62/A (sky130_fd_sc_hd__buf_16).
[ERROR DRT-0073] No access point for wire63/A (sky130_fd_sc_hd__buf_16).
[ERROR DRT-0073] No access point for wire67/A (sky130_fd_sc_hd__buf_6).
[ERROR DRT-0073] No access point for wire71/A (sky130_fd_sc_hd__buf_4).
[ERROR DRT-0073] No access point for wire72/A (sky130_fd_sc_hd__buf_4).
[ERROR DRT-0073] No access point for wire73/A (sky130_fd_sc_hd__buf_6).
[ERROR DRT-0073] No access point for wire74/A (sky130_fd_sc_hd__buf_4).
[ERROR DRT-0073] No access point for wire75/A (sky130_fd_sc_hd__buf_4).
[ERROR DRT-0073] No access point for wire76/A (sky130_fd_sc_hd__buf_4).
[ERROR DRT-0073] No access point for wire77/A (sky130_fd_sc_hd__buf_4).
[ERROR DRT-0073] No access point for wire78/A (sky130_fd_sc_hd__buf_4).
[ERROR DRT-0073] No access point for wire79/A (sky130_fd_sc_hd__buf_4).
[ERROR DRT-0073] No access point for wire80/A (sky130_fd_sc_hd__buf_4).
[ERROR DRT-0073] No access point for wire81/A (sky130_fd_sc_hd__buf_4).
[ERROR DRT-0073] No access point for wire82/A (sky130_fd_sc_hd__buf_6).
[ERROR DRT-0073] No access point for wire83/A (sky130_fd_sc_hd__buf_4).
[ERROR DRT-0073] No access point for wire84/A (sky130_fd_sc_hd__buf_4).
[ERROR DRT-0073] No access point for wire85/A (sky130_fd_sc_hd__buf_4).
[ERROR DRT-0073] No access point for wire86/A (sky130_fd_sc_hd__buf_4).
[ERROR DRT-0073] No access point for wire87/A (sky130_fd_sc_hd__buf_4).
[ERROR DRT-0073] No access point for wire88/A (sky130_fd_sc_hd__buf_4).
[ERROR DRT-0073] No access point for wire89/A (sky130_fd_sc_hd__buf_6).
[ERROR DRT-0073] No access point for wire90/A (sky130_fd_sc_hd__buf_6).
[ERROR DRT-0073] No access point for wire91/A (sky130_fd_sc_hd__buf_6).
[ERROR DRT-0073] No access point for wire92/A (sky130_fd_sc_hd__buf_6).
[ERROR DRT-0073] No access point for wire93/A (sky130_fd_sc_hd__buf_4).
[ERROR DRT-0073] No access point for wire94/A (sky130_fd_sc_hd__buf_4).
[ERROR DRT-0073] No access point for wire95/A (sky130_fd_sc_hd__buf_4).
[ERROR DRT-0073] No access point for wire96/A (sky130_fd_sc_hd__buf_4).
[ERROR DRT-0073] No access point for wire97/A (sky130_fd_sc_hd__buf_4).
[ERROR DRT-0073] No access point for wire99/A (sky130_fd_sc_hd__buf_4).
DRT-0073
[WARNING EST-0027] no estimated parasitics. Using wire load models.
[INFO RSZ-0100] Repair move sequence: UnbufferMove SizeUpMove SwapPinsMove BufferMove CloneMove SplitLoadMove 
[INFO RSZ-0098] No setup violations found
[INFO RSZ-0033] No hold violations found.
Startpoint: reset_n (input port clocked by clk)
Endpoint: bus_inst/_299_ (recovery check against rising-edge clock clk)
Path Group: asynchronous
Path Type: max

  Delay    Time   Description
---------------------------------------------------------
   0.00    0.00   clock clk (rise edge)
   0.00    0.00   clock network delay (ideal)
   4.00    4.00 ^ input external delay
   0.04    4.04 ^ reset_n (in)
   0.00    4.04 ^ bus_inst/_299_/RESET_B (sky130_fd_sc_hd__dfrtp_2)
           4.04   data arrival time

  20.00   20.00   clock clk (rise edge)
   0.00   20.00   clock network delay (ideal)
  -0.25   19.75   clock uncertainty
   0.00   19.75   clock reconvergence pessimism
          19.75 ^ bus_inst/_299_/CLK (sky130_fd_sc_hd__dfrtp_2)
   0.21   19.96   library recovery time
          19.96   data required time
---------------------------------------------------------
          19.96   data required time
          -4.04   data arrival time
---------------------------------------------------------
          15.92   slack (MET)


Startpoint: dmem_inst/sram_macro
            (falling edge-triggered flip-flop clocked by clk)
Endpoint: cpu_inst/_15017_ (rising edge-triggered flip-flop clocked by clk)
Path Group: clk
Path Type: max

  Delay    Time   Description
---------------------------------------------------------
  10.00   10.00   clock clk (fall edge)
   0.00   10.00   clock network delay (ideal)
   0.00   10.00 v dmem_inst/sram_macro/clk0 (sky130_sram_1kbyte_1rw1r_32x256_8)
   0.36   10.36 ^ dmem_inst/sram_macro/dout0[1] (sky130_sram_1kbyte_1rw1r_32x256_8)
   0.04   10.39 v bus_inst/_269_/Y (sky130_fd_sc_hd__nand2_1)
   1.12   11.52 ^ bus_inst/_271_/Y (sky130_fd_sc_hd__o21ai_1)
   0.49   12.01 ^ wire73/X (sky130_fd_sc_hd__buf_6)
   0.66   12.67 ^ bus_inst/_272_/X (sky130_fd_sc_hd__mux2_1)
   0.15   12.81 v cpu_inst/_08042_/Y (sky130_fd_sc_hd__mux2i_1)
   0.07   12.88 ^ cpu_inst/_08043_/Y (sky130_fd_sc_hd__clkinv_1)
   0.13   13.01 v cpu_inst/_08057_/Y (sky130_fd_sc_hd__nand3_1)
   0.44   13.45 ^ cpu_inst/_08058_/Y (sky130_fd_sc_hd__nor3_1)
   0.65   14.10 v cpu_inst/_08075_/Y (sky130_fd_sc_hd__nand4_1)
   0.27   14.37 ^ cpu_inst/_14467_/Y (sky130_fd_sc_hd__nand2_1)
   0.25   14.62 v cpu_inst/_14521_/Y (sky130_fd_sc_hd__a31oi_1)
   0.28   14.90 ^ cpu_inst/_14757_/Y (sky130_fd_sc_hd__nor2_1)
   0.00   14.90 ^ cpu_inst/_15017_/D (sky130_fd_sc_hd__dfxtp_2)
          14.90   data arrival time

  20.00   20.00   clock clk (rise edge)
   0.00   20.00   clock network delay (ideal)
  -0.25   19.75   clock uncertainty
   0.00   19.75   clock reconvergence pessimism
          19.75 ^ cpu_inst/_15017_/CLK (sky130_fd_sc_hd__dfxtp_2)
  -0.09   19.66   library setup time
          19.66   data required time
---------------------------------------------------------
          19.66   data required time
         -14.90   data arrival time
---------------------------------------------------------
           4.76   slack (MET)


[INFO GRT-0279] Detailed route wire length by layer:
Startpoint: reset_n (input port clocked by clk)
Endpoint: bus_inst/_299_ (recovery check against rising-edge clock clk)
Path Group: asynchronous
Path Type: max

  Delay    Time   Description
---------------------------------------------------------
   0.00    0.00   clock clk (rise edge)
   0.00    0.00   clock network delay (ideal)
   4.00    4.00 ^ input external delay
   0.04    4.04 ^ reset_n (in)
   0.00    4.04 ^ bus_inst/_299_/RESET_B (sky130_fd_sc_hd__dfrtp_2)
           4.04   data arrival time

  20.00   20.00   clock clk (rise edge)
   0.00   20.00   clock network delay (ideal)
  -0.25   19.75   clock uncertainty
   0.00   19.75   clock reconvergence pessimism
          19.75 ^ bus_inst/_299_/CLK (sky130_fd_sc_hd__dfrtp_2)
   0.21   19.96   library recovery time
          19.96   data required time
---------------------------------------------------------
          19.96   data required time
          -4.04   data arrival time
---------------------------------------------------------
          15.92   slack (MET)


Startpoint: dmem_inst/sram_macro
            (falling edge-triggered flip-flop clocked by clk)
Endpoint: cpu_inst/_15017_ (rising edge-triggered flip-flop clocked by clk)
Path Group: clk
Path Type: max

  Delay    Time   Description
---------------------------------------------------------
  10.00   10.00   clock clk (fall edge)
   0.00   10.00   clock network delay (ideal)
   0.00   10.00 v dmem_inst/sram_macro/clk0 (sky130_sram_1kbyte_1rw1r_32x256_8)
   0.36   10.36 ^ dmem_inst/sram_macro/dout0[1] (sky130_sram_1kbyte_1rw1r_32x256_8)
   0.04   10.39 v bus_inst/_269_/Y (sky130_fd_sc_hd__nand2_1)
   1.12   11.52 ^ bus_inst/_271_/Y (sky130_fd_sc_hd__o21ai_1)
   0.49   12.01 ^ wire73/X (sky130_fd_sc_hd__buf_6)
   0.66   12.67 ^ bus_inst/_272_/X (sky130_fd_sc_hd__mux2_1)
   0.15   12.81 v cpu_inst/_08042_/Y (sky130_fd_sc_hd__mux2i_1)
   0.07   12.88 ^ cpu_inst/_08043_/Y (sky130_fd_sc_hd__clkinv_1)
   0.13   13.01 v cpu_inst/_08057_/Y (sky130_fd_sc_hd__nand3_1)
   0.44   13.45 ^ cpu_inst/_08058_/Y (sky130_fd_sc_hd__nor3_1)
   0.65   14.10 v cpu_inst/_08075_/Y (sky130_fd_sc_hd__nand4_1)
   0.27   14.37 ^ cpu_inst/_14467_/Y (sky130_fd_sc_hd__nand2_1)
   0.25   14.62 v cpu_inst/_14521_/Y (sky130_fd_sc_hd__a31oi_1)
   0.28   14.90 ^ cpu_inst/_14757_/Y (sky130_fd_sc_hd__nor2_1)
   0.00   14.90 ^ cpu_inst/_15017_/D (sky130_fd_sc_hd__dfxtp_2)
          14.90   data arrival time

  20.00   20.00   clock clk (rise edge)
   0.00   20.00   clock network delay (ideal)
  -0.25   19.75   clock uncertainty
   0.00   19.75   clock reconvergence pessimism
          19.75 ^ cpu_inst/_15017_/CLK (sky130_fd_sc_hd__dfxtp_2)
  -0.09   19.66   library setup time
          19.66   data required time
---------------------------------------------------------
          19.66   data required time
         -14.90   data arrival time
---------------------------------------------------------
           4.76   slack (MET)


tns max 0.00
wns max 0.00
