
Magic 8.3 revision 411 - Compiled on Thu Apr  2 08:30:18 AM IST 2026.
Starting magic under Tcl interpreter
Using the terminal as the console.
Using NULL graphics device.
Processing system .magicrc file
Sourcing design .magicrc for technology sky130A ...
2 Magic internal units = 1 Lambda
Input style sky130(): scaleFactor=2, multiplier=2
The following types are not handled by extraction and will be treated as non-electrical types:
    ubm 
Scaled tech values by 2 / 1 to match internal grid scaling
Loading sky130A Device Generator Menu ...
Loading "/home/manal/projects/RiscV-mini-SoC/pd/extract.tcl" from command line.
Warning: Calma reading is not undoable!  I hope that's OK.
Library written using GDS-II Release 3.0
Library name: mini_soc_top
Reading "sky130_fd_sc_hd__fill_8".
Reading "sky130_fd_sc_hd__fill_1".
Reading "sky130_fd_sc_hd__nand2_1".
Reading "sky130_fd_sc_hd__fill_4".
Reading "sky130_fd_sc_hd__nor2_1".
Reading "sky130_fd_sc_hd__fill_2".
Reading "sky130_fd_sc_hd__o21ai_0".
Reading "sky130_fd_sc_hd__xnor2_1".
Reading "sky130_fd_sc_hd__nand3_1".
Reading "sky130_fd_sc_hd__a22oi_1".
Reading "sky130_fd_sc_hd__nor3b_1".
Reading "sky130_fd_sc_hd__a31oi_1".
Reading "sky130_fd_sc_hd__a21oi_1".
Reading "sky130_fd_sc_hd__dfxtp_1".
Reading "sky130_fd_sc_hd__conb_1".
Reading "sky130_fd_sc_hd__and4_1".
Reading "sky130_fd_sc_hd__clkinv_1".
Reading "sky130_fd_sc_hd__buf_4".
Reading "sky130_fd_sc_hd__nand4_1".
Reading "sky130_fd_sc_hd__clkbuf_4".
Reading "sky130_fd_sc_hd__o21ai_1".
Reading "sky130_fd_sc_hd__or4_1".
Reading "sky130_fd_sc_hd__clkdlybuf4s50_1".
Reading "sky130_fd_sc_hd__clkbuf_1".
Reading "sky130_fd_sc_hd__xor2_1".
Reading "sky130_fd_sc_hd__and2_0".
Reading "sky130_fd_sc_hd__buf_6".
Reading "sky130_fd_sc_hd__a21boi_0".
Reading "sky130_fd_sc_hd__a31o_1".
Reading "sky130_fd_sc_hd__and3_1".
Reading "sky130_fd_sc_hd__nand2b_1".
Reading "sky130_fd_sc_hd__nand3b_1".
Reading "sky130_fd_sc_hd__or4b_1".
Reading "sky130_fd_sc_hd__nor4_2".
Reading "sky130_fd_sc_hd__nor3_1".
Reading "sky130_fd_sc_hd__lpflow_inputiso1p_1".
Reading "sky130_fd_sc_hd__o211ai_1".
Reading "sky130_fd_sc_hd__o21a_1".
Reading "sky130_sram_1kbyte_1rw1r_32x256_8_contact_19".
Reading "sky130_sram_1kbyte_1rw1r_32x256_8_contact_13".
Reading "sky130_sram_1kbyte_1rw1r_32x256_8_contact_14".
Reading "sky130_sram_1kbyte_1rw1r_32x256_8_contact_40".
Reading "sky130_sram_1kbyte_1rw1r_32x256_8_contact_34".
Reading "sky130_sram_1kbyte_1rw1r_32x256_8_contact_7".
Reading "sky130_sram_1kbyte_1rw1r_32x256_8_contact_39".
Reading "sky130_sram_1kbyte_1rw1r_32x256_8_contact_33".
Reading "sky130_fd_bd_sram__openram_dff".
Reading "sky130_sram_1kbyte_1rw1r_32x256_8_row_addr_dff".
Reading "sky130_sram_1kbyte_1rw1r_32x256_8_col_addr_dff".
Reading "sky130_sram_1kbyte_1rw1r_32x256_8_wmask_dff".
Reading "sky130_sram_1kbyte_1rw1r_32x256_8_cr_3".
Reading "sky130_sram_1kbyte_1rw1r_32x256_8_contact_16".
Reading "sky130_sram_1kbyte_1rw1r_32x256_8_contact_29".
Reading "sky130_sram_1kbyte_1rw1r_32x256_8_contact_28".
Reading "sky130_sram_1kbyte_1rw1r_32x256_8_contact_11".
Reading "sky130_sram_1kbyte_1rw1r_32x256_8_nmos_m1_w0_360_sli_dli_da_p".
Reading "sky130_sram_1kbyte_1rw1r_32x256_8_contact_12".
Reading "sky130_sram_1kbyte_1rw1r_32x256_8_pmos_m1_w1_120_sli_dli_da_p".
Reading "sky130_sram_1kbyte_1rw1r_32x256_8_pinv_0".
Reading "sky130_sram_1kbyte_1rw1r_32x256_8_nmos_m1_w0_740_sactive_dli".
Reading "sky130_sram_1kbyte_1rw1r_32x256_8_nmos_m1_w0_740_sli_dactive".
Reading "sky130_sram_1kbyte_1rw1r_32x256_8_pmos_m1_w1_120_sli_dli".
Reading "sky130_sram_1kbyte_1rw1r_32x256_8_pnand2_1".
Reading "sky130_sram_1kbyte_1rw1r_32x256_8_nmos_m3_w1_680_sli_dli_da_p".
Reading "sky130_sram_1kbyte_1rw1r_32x256_8_pmos_m3_w1_680_sli_dli_da_p".
Reading "sky130_sram_1kbyte_1rw1r_32x256_8_pinv_2".
Reading "sky130_sram_1kbyte_1rw1r_32x256_8_nmos_m2_w0_740_sli_dli_da_p".
Reading "sky130_sram_1kbyte_1rw1r_32x256_8_pmos_m2_w1_260_sli_dli_da_p".
Reading "sky130_sram_1kbyte_1rw1r_32x256_8_pinv_1".
Reading "sky130_sram_1kbyte_1rw1r_32x256_8_dff_buf_0".
Reading "sky130_sram_1kbyte_1rw1r_32x256_8_dff_buf_array".
Reading "sky130_sram_1kbyte_1rw1r_32x256_8_nmos_m7_w1_680_sli_dli_da_p".
Reading "sky130_sram_1kbyte_1rw1r_32x256_8_pmos_m7_w2_000_sli_dli_da_p".
Reading "sky130_sram_1kbyte_1rw1r_32x256_8_pinv_3".
Reading "sky130_sram_1kbyte_1rw1r_32x256_8_pdriver_0".
Reading "sky130_sram_1kbyte_1rw1r_32x256_8_pnand2_0".
Reading "sky130_sram_1kbyte_1rw1r_32x256_8_pand2_0".
Reading "sky130_sram_1kbyte_1rw1r_32x256_8_nmos_m12_w2_000_sli_dli_da_p".
Reading "sky130_sram_1kbyte_1rw1r_32x256_8_pmos_m12_w2_000_sli_dli_da_p".
Reading "sky130_sram_1kbyte_1rw1r_32x256_8_pinv_18".
Reading "sky130_sram_1kbyte_1rw1r_32x256_8_nmos_m4_w1_260_sli_dli_da_p".
Reading "sky130_sram_1kbyte_1rw1r_32x256_8_pmos_m4_w2_000_sli_dli_da_p".
Reading "sky130_sram_1kbyte_1rw1r_32x256_8_pinv_17".
Reading "sky130_sram_1kbyte_1rw1r_32x256_8_pinv_11".
Reading "sky130_sram_1kbyte_1rw1r_32x256_8_pinv_6".
Reading "sky130_sram_1kbyte_1rw1r_32x256_8_pdriver_5".
Reading "sky130_sram_1kbyte_1rw1r_32x256_8_pinv_19".
Reading "sky130_sram_1kbyte_1rw1r_32x256_8_delay_chain".
Reading "sky130_sram_1kbyte_1rw1r_32x256_8_nmos_m18_w2_000_sli_dli_da_p".
Reading "sky130_sram_1kbyte_1rw1r_32x256_8_pmos_m18_w2_000_sli_dli_da_p".
Reading "sky130_sram_1kbyte_1rw1r_32x256_8_pinv_16".
Reading "sky130_sram_1kbyte_1rw1r_32x256_8_pdriver_4".
Reading "sky130_sram_1kbyte_1rw1r_32x256_8_nmos_m1_w0_740_sactive_dactive".
Reading "sky130_sram_1kbyte_1rw1r_32x256_8_pnand3".
Reading "sky130_sram_1kbyte_1rw1r_32x256_8_pand3_0".
Reading "sky130_sram_1kbyte_1rw1r_32x256_8_nmos_m22_w2_000_sli_dli_da_p".
Reading "sky130_sram_1kbyte_1rw1r_32x256_8_pmos_m22_w2_000_sli_dli_da_p".
Reading "sky130_sram_1kbyte_1rw1r_32x256_8_pinv_15".
Reading "sky130_sram_1kbyte_1rw1r_32x256_8_pdriver_3".
Reading "sky130_sram_1kbyte_1rw1r_32x256_8_pand3".
Reading "sky130_sram_1kbyte_1rw1r_32x256_8_nmos_m24_w2_000_sli_dli_da_p".
Reading "sky130_sram_1kbyte_1rw1r_32x256_8_pmos_m24_w2_000_sli_dli_da_p".
Reading "sky130_sram_1kbyte_1rw1r_32x256_8_pinv_14".
Reading "sky130_sram_1kbyte_1rw1r_32x256_8_nmos_m8_w2_000_sli_dli_da_p".
Reading "sky130_sram_1kbyte_1rw1r_32x256_8_pmos_m8_w2_000_sli_dli_da_p".
Reading "sky130_sram_1kbyte_1rw1r_32x256_8_pinv_13".
Reading "sky130_sram_1kbyte_1rw1r_32x256_8_nmos_m3_w2_000_sli_dli_da_p".
Reading "sky130_sram_1kbyte_1rw1r_32x256_8_pmos_m3_w2_000_sli_dli_da_p".
Reading "sky130_sram_1kbyte_1rw1r_32x256_8_pinv_12".
Reading "sky130_sram_1kbyte_1rw1r_32x256_8_pdriver_2".
Reading "sky130_sram_1kbyte_1rw1r_32x256_8_nmos_m40_w2_000_sli_dli_da_p".
Reading "sky130_sram_1kbyte_1rw1r_32x256_8_pmos_m40_w2_000_sli_dli_da_p".
Reading "sky130_sram_1kbyte_1rw1r_32x256_8_pinv_10".
Reading "sky130_sram_1kbyte_1rw1r_32x256_8_nmos_m13_w2_000_sli_dli_da_p".
Reading "sky130_sram_1kbyte_1rw1r_32x256_8_pmos_m13_w2_000_sli_dli_da_p".
Reading "sky130_sram_1kbyte_1rw1r_32x256_8_pinv_9".
Reading "sky130_sram_1kbyte_1rw1r_32x256_8_nmos_m5_w1_680_sli_dli_da_p".
Reading "sky130_sram_1kbyte_1rw1r_32x256_8_pmos_m5_w2_000_sli_dli_da_p".
Reading "sky130_sram_1kbyte_1rw1r_32x256_8_pinv_8".
Reading "sky130_sram_1kbyte_1rw1r_32x256_8_nmos_m2_w1_260_sli_dli_da_p".
Reading "sky130_sram_1kbyte_1rw1r_32x256_8_pmos_m2_w2_000_sli_dli_da_p".
Reading "sky130_sram_1kbyte_1rw1r_32x256_8_pinv_7".
Reading "sky130_sram_1kbyte_1rw1r_32x256_8_pdriver_1".
Reading "sky130_sram_1kbyte_1rw1r_32x256_8_control_logic_rw".
Reading "sky130_sram_1kbyte_1rw1r_32x256_8_cr_5".
Reading "sky130_sram_1kbyte_1rw1r_32x256_8_dff_buf_array_0".
Reading "sky130_sram_1kbyte_1rw1r_32x256_8_nmos_m39_w2_000_sli_dli_da_p".
Reading "sky130_sram_1kbyte_1rw1r_32x256_8_pmos_m39_w2_000_sli_dli_da_p".
Reading "sky130_sram_1kbyte_1rw1r_32x256_8_pinv_20".
Reading "sky130_sram_1kbyte_1rw1r_32x256_8_pdriver_6".
Reading "sky130_sram_1kbyte_1rw1r_32x256_8_control_logic_r".
Reading "sky130_sram_1kbyte_1rw1r_32x256_8_cr_4".
Reading "sky130_sram_1kbyte_1rw1r_32x256_8_data_dff".
Reading "sky130_sram_1kbyte_1rw1r_32x256_8_pinvbuf".
Reading "sky130_sram_1kbyte_1rw1r_32x256_8_contact_15".
Reading "sky130_sram_1kbyte_1rw1r_32x256_8_nmos_m1_w7_000_sli_dli_da_p".
Reading "sky130_sram_1kbyte_1rw1r_32x256_8_pmos_m1_w7_000_sli_dli_da_p".
Reading "sky130_sram_1kbyte_1rw1r_32x256_8_pinv_dec_0".
Reading "sky130_fd_bd_sram__openram_dp_nand2_dec".
Reading "sky130_sram_1kbyte_1rw1r_32x256_8_and2_dec_0".
Reading "sky130_sram_1kbyte_1rw1r_32x256_8_wordline_driver".
Reading "sky130_sram_1kbyte_1rw1r_32x256_8_wordline_driver_array".
Reading "sky130_sram_1kbyte_1rw1r_32x256_8_contact_20".
Reading "sky130_sram_1kbyte_1rw1r_32x256_8_contact_17".
Reading "sky130_sram_1kbyte_1rw1r_32x256_8_pinv_dec".
Reading "sky130_fd_bd_sram__openram_dp_nand3_dec".
Reading "sky130_sram_1kbyte_1rw1r_32x256_8_and3_dec".
Reading "sky130_sram_1kbyte_1rw1r_32x256_8_hierarchical_predecode3x8".
Reading "sky130_sram_1kbyte_1rw1r_32x256_8_and2_dec".
Reading "sky130_sram_1kbyte_1rw1r_32x256_8_hierarchical_predecode2x4".
Reading "sky130_sram_1kbyte_1rw1r_32x256_8_hierarchical_decoder".
Reading "sky130_sram_1kbyte_1rw1r_32x256_8_port_address_0".
Reading "sky130_sram_1kbyte_1rw1r_32x256_8_port_address".
Reading "sky130_sram_1kbyte_1rw1r_32x256_8_contact_27".
Reading "sky130_sram_1kbyte_1rw1r_32x256_8_contact_26".
Reading "sky130_sram_1kbyte_1rw1r_32x256_8_nmos_m1_w2_880_sli_dli".
Reading "sky130_sram_1kbyte_1rw1r_32x256_8_column_mux_0".
Reading "sky130_sram_1kbyte_1rw1r_32x256_8_contact_25".
Reading "sky130_sram_1kbyte_1rw1r_32x256_8_contact_24".
Reading "sky130_sram_1kbyte_1rw1r_32x256_8_column_mux_array_0".
Reading "sky130_fd_bd_sram__openram_sense_amp".
Reading "sky130_sram_1kbyte_1rw1r_32x256_8_sense_amp_array".
Reading "sky130_sram_1kbyte_1rw1r_32x256_8_contact_23".
Reading "sky130_sram_1kbyte_1rw1r_32x256_8_contact_21".
Reading "sky130_sram_1kbyte_1rw1r_32x256_8_contact_22".
Reading "sky130_sram_1kbyte_1rw1r_32x256_8_pmos_m1_w0_550_sli_dli".
Reading "sky130_sram_1kbyte_1rw1r_32x256_8_precharge_1".
Reading "sky130_sram_1kbyte_1rw1r_32x256_8_precharge_array_0".
Reading "sky130_sram_1kbyte_1rw1r_32x256_8_port_data_0".
Reading "sky130_sram_1kbyte_1rw1r_32x256_8_column_mux".
Reading "sky130_sram_1kbyte_1rw1r_32x256_8_column_mux_array".
Reading "sky130_sram_1kbyte_1rw1r_32x256_8_pinv".
Reading "sky130_sram_1kbyte_1rw1r_32x256_8_pdriver".
Reading "sky130_sram_1kbyte_1rw1r_32x256_8_pnand2".
Reading "sky130_sram_1kbyte_1rw1r_32x256_8_pand2".
Reading "sky130_sram_1kbyte_1rw1r_32x256_8_write_mask_and_array".
Reading "sky130_fd_bd_sram__openram_write_driver".
Reading "sky130_sram_1kbyte_1rw1r_32x256_8_write_driver_array".
Reading "sky130_sram_1kbyte_1rw1r_32x256_8_precharge_0".
Reading "sky130_sram_1kbyte_1rw1r_32x256_8_precharge_array".
Reading "sky130_sram_1kbyte_1rw1r_32x256_8_port_data".
Reading "sky130_sram_1kbyte_1rw1r_32x256_8_contact_9".
Reading "sky130_sram_1kbyte_1rw1r_32x256_8_contact_8".
Reading "sky130_fd_bd_sram__openram_dp_cell_cap_row".
Reading "sky130_sram_1kbyte_1rw1r_32x256_8_row_cap_array_0".
Reading "sky130_sram_1kbyte_1rw1r_32x256_8_row_cap_array".
Reading "sky130_fd_bd_sram__openram_dp_cell_cap_col".
Reading "sky130_sram_1kbyte_1rw1r_32x256_8_col_cap_array".
Reading "sky130_sram_1kbyte_1rw1r_32x256_8_col_cap_array_0".
Reading "sky130_fd_bd_sram__openram_dp_cell_dummy".
Reading "sky130_sram_1kbyte_1rw1r_32x256_8_dummy_array".
Reading "sky130_fd_bd_sram__openram_dp_cell_replica".
Reading "sky130_sram_1kbyte_1rw1r_32x256_8_replica_column_0".
Reading "sky130_sram_1kbyte_1rw1r_32x256_8_replica_column".
Reading "sky130_fd_bd_sram__openram_dp_cell".
Reading "sky130_sram_1kbyte_1rw1r_32x256_8_bitcell_array".
    5000 uses
Reading "sky130_sram_1kbyte_1rw1r_32x256_8_replica_bitcell_array".
Reading "sky130_sram_1kbyte_1rw1r_32x256_8_bank".
Reading "sky130_sram_1kbyte_1rw1r_32x256_8".
    5000 uses
Reading "sky130_fd_sc_hd__nor4_1".
Reading "sky130_fd_sc_hd__buf_1".
Reading "sky130_fd_sc_hd__mux4_2".
Reading "sky130_fd_sc_hd__inv_8".
Reading "sky130_fd_sc_hd__clkbuf_16".
Reading "sky130_fd_sc_hd__inv_6".
Reading "sky130_fd_sc_hd__mux2_1".
Reading "sky130_fd_sc_hd__clkinvlp_4".
Reading "sky130_fd_sc_hd__clkinv_8".
Reading "sky130_fd_sc_hd__nand3_2".
Reading "sky130_fd_sc_hd__and3_2".
Reading "sky130_fd_sc_hd__buf_12".
Reading "sky130_fd_sc_hd__buf_16".
Reading "sky130_fd_sc_hd__mux2i_1".
Reading "sky130_fd_sc_hd__a32oi_1".
Reading "sky130_fd_sc_hd__nor4b_2".
Reading "sky130_fd_sc_hd__lpflow_isobufsrc_1".
Reading "sky130_fd_sc_hd__a22o_1".
Reading "sky130_fd_sc_hd__nor4b_1".
Reading "sky130_fd_sc_hd__bufinv_16".
Reading "sky130_fd_sc_hd__clkinv_4".
Reading "sky130_fd_sc_hd__clkbuf_8".
Reading "sky130_fd_sc_hd__a21o_1".
Reading "sky130_fd_sc_hd__clkinv_2".
Reading "sky130_fd_sc_hd__a222oi_1".
Reading "sky130_fd_sc_hd__maj3_1".
Reading "sky130_fd_sc_hd__o2111ai_1".
Reading "sky130_fd_sc_hd__a221o_1".
Reading "sky130_fd_sc_hd__mux2i_2".
Reading "sky130_fd_sc_hd__probec_p_8".
Reading "sky130_fd_sc_hd__or3_1".
Reading "sky130_fd_sc_hd__dfrtp_2".
Reading "sky130_fd_sc_hd__buf_8".
Reading "sky130_fd_sc_hd__lpflow_isobufsrc_4".
Reading "sky130_fd_sc_hd__nor2_4".
Reading "sky130_fd_sc_hd__nor2_2".
Reading "sky130_fd_sc_hd__lpflow_isobufsrc_2".
Reading "sky130_fd_sc_hd__nand2_2".
Reading "sky130_fd_sc_hd__o31ai_1".
Reading "sky130_fd_sc_hd__and4b_1".
Reading "sky130_fd_sc_hd__a211oi_1".
Reading "sky130_fd_sc_hd__o21ai_4".
Reading "sky130_fd_sc_hd__o21bai_1".
Reading "sky130_fd_sc_hd__o311ai_0".
Reading "sky130_fd_sc_hd__o211a_1".
Reading "sky130_fd_sc_hd__nor3_2".
Reading "sky130_fd_sc_hd__o32ai_1".
Reading "sky130_fd_sc_hd__dfxtp_2".
Reading "sky130_fd_sc_hd__nand3_4".
Reading "sky130_fd_sc_hd__nor3b_2".
Reading "sky130_fd_sc_hd__a221oi_1".
Reading "sky130_fd_sc_hd__a211o_1".
Reading "sky130_fd_sc_hd__o22ai_1".
Reading "sky130_fd_sc_hd__o31ai_4".
Reading "sky130_fd_sc_hd__and3b_1".
Reading "sky130_fd_sc_hd__or3b_1".
Reading "sky130_fd_sc_hd__probe_p_8".
Reading "sky130_fd_sc_hd__a311oi_1".
Reading "sky130_fd_sc_hd__a2111oi_0".
Reading "sky130_fd_sc_hd__nand2_4".
Reading "sky130_fd_sc_hd__dfxtp_4".
Reading "sky130_fd_sc_hd__a32o_1".
Reading "sky130_fd_sc_hd__o221ai_1".
Reading "sky130_fd_sc_hd__a311o_1".
Reading "sky130_fd_sc_hd__and2_2".
Reading "sky130_fd_sc_hd__or3_2".
Reading "sky130_fd_sc_hd__o221a_1".
Reading "sky130_fd_sc_hd__nand2b_4".
Reading "sky130_fd_sc_hd__a21oi_4".
Reading "sky130_fd_sc_hd__a41oi_1".
Reading "sky130_fd_sc_hd__nor2b_1".
Reading "sky130_fd_sc_hd__a21oi_2".
Reading "sky130_fd_sc_hd__o31a_1".
Reading "sky130_fd_sc_hd__a2111oi_2".
Reading "sky130_fd_sc_hd__nand4b_1".
Reading "sky130_fd_sc_hd__o21ai_2".
Reading "sky130_fd_sc_hd__clkinvlp_2".
Reading "sky130_fd_sc_hd__o22a_1".
Reading "sky130_fd_sc_hd__o41ai_1".
Reading "sky130_fd_sc_hd__and2_4".
Reading "sky130_fd_sc_hd__mux2i_4".
Reading "sky130_fd_sc_hd__nor2b_2".
Reading "sky130_fd_sc_hd__buf_2".
Reading "mini_soc_top".
    5000 uses
    10000 uses
    15000 uses
    20000 uses
    25000 uses
    30000 uses
    35000 uses
    40000 uses
    45000 uses
    50000 uses
    55000 uses
    60000 uses
    65000 uses
    70000 uses
    75000 uses
    80000 uses
    85000 uses
    90000 uses
    95000 uses
    100000 uses
    105000 uses
    110000 uses
    115000 uses
    120000 uses
    125000 uses
    130000 uses
    135000 uses
    140000 uses
    145000 uses
    150000 uses
    155000 uses
    160000 uses
    165000 uses
    170000 uses
    175000 uses
Extracting sky130_fd_sc_hd__fill_8 into sky130_fd_sc_hd__fill_8.ext:
Extracting sky130_fd_sc_hd__fill_1 into sky130_fd_sc_hd__fill_1.ext:
Extracting sky130_fd_sc_hd__nand2_1 into sky130_fd_sc_hd__nand2_1.ext:
Extracting sky130_fd_sc_hd__fill_4 into sky130_fd_sc_hd__fill_4.ext:
Extracting sky130_fd_sc_hd__nor2_1 into sky130_fd_sc_hd__nor2_1.ext:
Extracting sky130_fd_sc_hd__fill_2 into sky130_fd_sc_hd__fill_2.ext:
Extracting sky130_fd_sc_hd__o21ai_0 into sky130_fd_sc_hd__o21ai_0.ext:
Extracting sky130_fd_sc_hd__xnor2_1 into sky130_fd_sc_hd__xnor2_1.ext:
Extracting sky130_fd_sc_hd__nand3_1 into sky130_fd_sc_hd__nand3_1.ext:
Extracting sky130_fd_sc_hd__a22oi_1 into sky130_fd_sc_hd__a22oi_1.ext:
Extracting sky130_fd_sc_hd__nor3b_1 into sky130_fd_sc_hd__nor3b_1.ext:
Extracting sky130_fd_sc_hd__a31oi_1 into sky130_fd_sc_hd__a31oi_1.ext:
Extracting sky130_fd_sc_hd__a21oi_1 into sky130_fd_sc_hd__a21oi_1.ext:
Extracting sky130_fd_sc_hd__dfxtp_1 into sky130_fd_sc_hd__dfxtp_1.ext:
Extracting sky130_fd_sc_hd__conb_1 into sky130_fd_sc_hd__conb_1.ext:
Extracting sky130_fd_sc_hd__and4_1 into sky130_fd_sc_hd__and4_1.ext:
Extracting sky130_fd_sc_hd__clkinv_1 into sky130_fd_sc_hd__clkinv_1.ext:
Extracting sky130_fd_sc_hd__buf_4 into sky130_fd_sc_hd__buf_4.ext:
Extracting sky130_fd_sc_hd__nand4_1 into sky130_fd_sc_hd__nand4_1.ext:
Extracting sky130_fd_sc_hd__clkbuf_4 into sky130_fd_sc_hd__clkbuf_4.ext:
Extracting sky130_fd_sc_hd__o21ai_1 into sky130_fd_sc_hd__o21ai_1.ext:
Extracting sky130_fd_sc_hd__or4_1 into sky130_fd_sc_hd__or4_1.ext:
Extracting sky130_fd_sc_hd__clkdlybuf4s50_1 into sky130_fd_sc_hd__clkdlybuf4s50_1.ext:
Extracting sky130_fd_sc_hd__clkbuf_1 into sky130_fd_sc_hd__clkbuf_1.ext:
Extracting sky130_fd_sc_hd__xor2_1 into sky130_fd_sc_hd__xor2_1.ext:
Extracting sky130_fd_sc_hd__and2_0 into sky130_fd_sc_hd__and2_0.ext:
Extracting sky130_fd_sc_hd__buf_6 into sky130_fd_sc_hd__buf_6.ext:
Extracting sky130_fd_sc_hd__a21boi_0 into sky130_fd_sc_hd__a21boi_0.ext:
Extracting sky130_fd_sc_hd__a31o_1 into sky130_fd_sc_hd__a31o_1.ext:
Extracting sky130_fd_sc_hd__and3_1 into sky130_fd_sc_hd__and3_1.ext:
Extracting sky130_fd_sc_hd__nand2b_1 into sky130_fd_sc_hd__nand2b_1.ext:
Extracting sky130_fd_sc_hd__nand3b_1 into sky130_fd_sc_hd__nand3b_1.ext:
Extracting sky130_fd_sc_hd__nor4_2 into sky130_fd_sc_hd__nor4_2.ext:
Extracting sky130_fd_sc_hd__or4b_1 into sky130_fd_sc_hd__or4b_1.ext:
Extracting sky130_fd_sc_hd__nor3_1 into sky130_fd_sc_hd__nor3_1.ext:
Extracting sky130_fd_sc_hd__lpflow_inputiso1p_1 into sky130_fd_sc_hd__lpflow_inputiso1p_1.ext:
Extracting sky130_fd_sc_hd__o211ai_1 into sky130_fd_sc_hd__o211ai_1.ext:
Extracting sky130_fd_sc_hd__o21a_1 into sky130_fd_sc_hd__o21a_1.ext:
Extracting sky130_fd_bd_sram__openram_dp_cell into sky130_fd_bd_sram__openram_dp_cell.ext:
sky130_fd_bd_sram__openram_dp_cell: 8 warnings
Extracting sky130_sram_1kbyte_1rw1r_32x256_8_bitcell_array into sky130_sram_1kbyte_1rw1r_32x256_8_bitcell_array.ext:
sky130_sram_1kbyte_1rw1r_32x256_8_bitcell_array: 20544 warnings
Extracting sky130_fd_bd_sram__openram_dp_cell_replica into sky130_fd_bd_sram__openram_dp_cell_replica.ext:
sky130_fd_bd_sram__openram_dp_cell_replica: 8 warnings
Extracting sky130_fd_bd_sram__openram_dp_cell_dummy into sky130_fd_bd_sram__openram_dp_cell_dummy.ext:
sky130_fd_bd_sram__openram_dp_cell_dummy: 6 warnings
Extracting sky130_fd_bd_sram__openram_dp_cell_cap_col into sky130_fd_bd_sram__openram_dp_cell_cap_col.ext:
Extracting sky130_sram_1kbyte_1rw1r_32x256_8_contact_7 into sky130_sram_1kbyte_1rw1r_32x256_8_contact_7.ext:
Extracting sky130_sram_1kbyte_1rw1r_32x256_8_replica_column into sky130_sram_1kbyte_1rw1r_32x256_8_replica_column.ext:
sky130_sram_1kbyte_1rw1r_32x256_8_replica_column: 327 warnings
Extracting sky130_sram_1kbyte_1rw1r_32x256_8_replica_column_0 into sky130_sram_1kbyte_1rw1r_32x256_8_replica_column_0.ext:
sky130_sram_1kbyte_1rw1r_32x256_8_replica_column_0: 327 warnings
Extracting sky130_sram_1kbyte_1rw1r_32x256_8_dummy_array into sky130_sram_1kbyte_1rw1r_32x256_8_dummy_array.ext:
sky130_sram_1kbyte_1rw1r_32x256_8_dummy_array: 192 warnings
Extracting sky130_sram_1kbyte_1rw1r_32x256_8_col_cap_array_0 into sky130_sram_1kbyte_1rw1r_32x256_8_col_cap_array_0.ext:
sky130_sram_1kbyte_1rw1r_32x256_8_col_cap_array_0: 64 warnings
Extracting sky130_sram_1kbyte_1rw1r_32x256_8_col_cap_array into sky130_sram_1kbyte_1rw1r_32x256_8_col_cap_array.ext:
sky130_sram_1kbyte_1rw1r_32x256_8_col_cap_array: 64 warnings
Extracting sky130_fd_bd_sram__openram_dp_cell_cap_row into sky130_fd_bd_sram__openram_dp_cell_cap_row.ext:
sky130_fd_bd_sram__openram_dp_cell_cap_row: 4 warnings
Extracting sky130_sram_1kbyte_1rw1r_32x256_8_row_cap_array into sky130_sram_1kbyte_1rw1r_32x256_8_row_cap_array.ext:
sky130_sram_1kbyte_1rw1r_32x256_8_row_cap_array: 193 warnings
Extracting sky130_sram_1kbyte_1rw1r_32x256_8_row_cap_array_0 into sky130_sram_1kbyte_1rw1r_32x256_8_row_cap_array_0.ext:
sky130_sram_1kbyte_1rw1r_32x256_8_row_cap_array_0: 193 warnings
Extracting sky130_sram_1kbyte_1rw1r_32x256_8_contact_8 into sky130_sram_1kbyte_1rw1r_32x256_8_contact_8.ext:
Extracting sky130_sram_1kbyte_1rw1r_32x256_8_contact_9 into sky130_sram_1kbyte_1rw1r_32x256_8_contact_9.ext:
Extracting sky130_sram_1kbyte_1rw1r_32x256_8_replica_bitcell_array into sky130_sram_1kbyte_1rw1r_32x256_8_replica_bitcell_array.ext:
sky130_sram_1kbyte_1rw1r_32x256_8_replica_bitcell_array: 1172 warnings
Extracting sky130_sram_1kbyte_1rw1r_32x256_8_contact_12 into sky130_sram_1kbyte_1rw1r_32x256_8_contact_12.ext:
Extracting sky130_sram_1kbyte_1rw1r_32x256_8_pmos_m1_w0_550_sli_dli into sky130_sram_1kbyte_1rw1r_32x256_8_pmos_m1_w0_550_sli_dli.ext:
Extracting sky130_sram_1kbyte_1rw1r_32x256_8_contact_16 into sky130_sram_1kbyte_1rw1r_32x256_8_contact_16.ext:
Extracting sky130_sram_1kbyte_1rw1r_32x256_8_contact_14 into sky130_sram_1kbyte_1rw1r_32x256_8_contact_14.ext:
Extracting sky130_sram_1kbyte_1rw1r_32x256_8_contact_19 into sky130_sram_1kbyte_1rw1r_32x256_8_contact_19.ext:
Extracting sky130_sram_1kbyte_1rw1r_32x256_8_contact_13 into sky130_sram_1kbyte_1rw1r_32x256_8_contact_13.ext:
Extracting sky130_sram_1kbyte_1rw1r_32x256_8_contact_21 into sky130_sram_1kbyte_1rw1r_32x256_8_contact_21.ext:
Extracting sky130_sram_1kbyte_1rw1r_32x256_8_contact_22 into sky130_sram_1kbyte_1rw1r_32x256_8_contact_22.ext:
Extracting sky130_sram_1kbyte_1rw1r_32x256_8_contact_23 into sky130_sram_1kbyte_1rw1r_32x256_8_contact_23.ext:
Extracting sky130_sram_1kbyte_1rw1r_32x256_8_precharge_0 into sky130_sram_1kbyte_1rw1r_32x256_8_precharge_0.ext:
Extracting sky130_sram_1kbyte_1rw1r_32x256_8_precharge_array into sky130_sram_1kbyte_1rw1r_32x256_8_precharge_array.ext:
sky130_sram_1kbyte_1rw1r_32x256_8_precharge_array: 65 warnings
Extracting sky130_fd_bd_sram__openram_sense_amp into sky130_fd_bd_sram__openram_sense_amp.ext:
sky130_fd_bd_sram__openram_sense_amp: 4 warnings
Extracting sky130_sram_1kbyte_1rw1r_32x256_8_sense_amp_array into sky130_sram_1kbyte_1rw1r_32x256_8_sense_amp_array.ext:
sky130_sram_1kbyte_1rw1r_32x256_8_sense_amp_array: 128 warnings
Extracting sky130_fd_bd_sram__openram_write_driver into sky130_fd_bd_sram__openram_write_driver.ext:
sky130_fd_bd_sram__openram_write_driver: 10 warnings
Extracting sky130_sram_1kbyte_1rw1r_32x256_8_write_driver_array into sky130_sram_1kbyte_1rw1r_32x256_8_write_driver_array.ext:
sky130_sram_1kbyte_1rw1r_32x256_8_write_driver_array: 160 warnings
Extracting sky130_sram_1kbyte_1rw1r_32x256_8_pmos_m1_w1_120_sli_dli into sky130_sram_1kbyte_1rw1r_32x256_8_pmos_m1_w1_120_sli_dli.ext:
Extracting sky130_sram_1kbyte_1rw1r_32x256_8_contact_11 into sky130_sram_1kbyte_1rw1r_32x256_8_contact_11.ext:
Extracting sky130_sram_1kbyte_1rw1r_32x256_8_nmos_m1_w0_740_sli_dactive into sky130_sram_1kbyte_1rw1r_32x256_8_nmos_m1_w0_740_sli_dactive.ext:
Extracting sky130_sram_1kbyte_1rw1r_32x256_8_nmos_m1_w0_740_sactive_dli into sky130_sram_1kbyte_1rw1r_32x256_8_nmos_m1_w0_740_sactive_dli.ext:
Extracting sky130_sram_1kbyte_1rw1r_32x256_8_pnand2 into sky130_sram_1kbyte_1rw1r_32x256_8_pnand2.ext:
Extracting sky130_sram_1kbyte_1rw1r_32x256_8_pmos_m2_w1_260_sli_dli_da_p into sky130_sram_1kbyte_1rw1r_32x256_8_pmos_m2_w1_260_sli_dli_da_p.ext:
sky130_sram_1kbyte_1rw1r_32x256_8_pmos_m2_w1_260_sli_dli_da_p: 2 warnings
Extracting sky130_sram_1kbyte_1rw1r_32x256_8_nmos_m2_w0_740_sli_dli_da_p into sky130_sram_1kbyte_1rw1r_32x256_8_nmos_m2_w0_740_sli_dli_da_p.ext:
sky130_sram_1kbyte_1rw1r_32x256_8_nmos_m2_w0_740_sli_dli_da_p: 2 warnings
Extracting sky130_sram_1kbyte_1rw1r_32x256_8_contact_28 into sky130_sram_1kbyte_1rw1r_32x256_8_contact_28.ext:
Extracting sky130_sram_1kbyte_1rw1r_32x256_8_contact_29 into sky130_sram_1kbyte_1rw1r_32x256_8_contact_29.ext:
Extracting sky130_sram_1kbyte_1rw1r_32x256_8_pinv into sky130_sram_1kbyte_1rw1r_32x256_8_pinv.ext:
Extracting sky130_sram_1kbyte_1rw1r_32x256_8_pdriver into sky130_sram_1kbyte_1rw1r_32x256_8_pdriver.ext:
Extracting sky130_sram_1kbyte_1rw1r_32x256_8_pand2 into sky130_sram_1kbyte_1rw1r_32x256_8_pand2.ext:
Extracting sky130_sram_1kbyte_1rw1r_32x256_8_write_mask_and_array into sky130_sram_1kbyte_1rw1r_32x256_8_write_mask_and_array.ext:
sky130_sram_1kbyte_1rw1r_32x256_8_write_mask_and_array: 4 warnings
Extracting sky130_sram_1kbyte_1rw1r_32x256_8_nmos_m1_w2_880_sli_dli into sky130_sram_1kbyte_1rw1r_32x256_8_nmos_m1_w2_880_sli_dli.ext:
Extracting sky130_sram_1kbyte_1rw1r_32x256_8_contact_15 into sky130_sram_1kbyte_1rw1r_32x256_8_contact_15.ext:
Extracting sky130_sram_1kbyte_1rw1r_32x256_8_column_mux into sky130_sram_1kbyte_1rw1r_32x256_8_column_mux.ext:
Extracting sky130_sram_1kbyte_1rw1r_32x256_8_contact_24 into sky130_sram_1kbyte_1rw1r_32x256_8_contact_24.ext:
Extracting sky130_sram_1kbyte_1rw1r_32x256_8_contact_25 into sky130_sram_1kbyte_1rw1r_32x256_8_contact_25.ext:
Extracting sky130_sram_1kbyte_1rw1r_32x256_8_contact_26 into sky130_sram_1kbyte_1rw1r_32x256_8_contact_26.ext:
Extracting sky130_sram_1kbyte_1rw1r_32x256_8_contact_27 into sky130_sram_1kbyte_1rw1r_32x256_8_contact_27.ext:
Extracting sky130_sram_1kbyte_1rw1r_32x256_8_column_mux_array into sky130_sram_1kbyte_1rw1r_32x256_8_column_mux_array.ext:
sky130_sram_1kbyte_1rw1r_32x256_8_column_mux_array: 45 warnings
Extracting sky130_sram_1kbyte_1rw1r_32x256_8_port_data into sky130_sram_1kbyte_1rw1r_32x256_8_port_data.ext:
sky130_sram_1kbyte_1rw1r_32x256_8_port_data: 397 warnings
Extracting sky130_sram_1kbyte_1rw1r_32x256_8_precharge_1 into sky130_sram_1kbyte_1rw1r_32x256_8_precharge_1.ext:
Extracting sky130_sram_1kbyte_1rw1r_32x256_8_precharge_array_0 into sky130_sram_1kbyte_1rw1r_32x256_8_precharge_array_0.ext:
sky130_sram_1kbyte_1rw1r_32x256_8_precharge_array_0: 65 warnings
Extracting sky130_sram_1kbyte_1rw1r_32x256_8_column_mux_0 into sky130_sram_1kbyte_1rw1r_32x256_8_column_mux_0.ext:
Extracting sky130_sram_1kbyte_1rw1r_32x256_8_column_mux_array_0 into sky130_sram_1kbyte_1rw1r_32x256_8_column_mux_array_0.ext:
sky130_sram_1kbyte_1rw1r_32x256_8_column_mux_array_0: 45 warnings
Extracting sky130_sram_1kbyte_1rw1r_32x256_8_port_data_0 into sky130_sram_1kbyte_1rw1r_32x256_8_port_data_0.ext:
sky130_sram_1kbyte_1rw1r_32x256_8_port_data_0: 225 warnings
Extracting sky130_fd_bd_sram__openram_dp_nand3_dec into sky130_fd_bd_sram__openram_dp_nand3_dec.ext:
Extracting sky130_sram_1kbyte_1rw1r_32x256_8_pmos_m1_w1_120_sli_dli_da_p into sky130_sram_1kbyte_1rw1r_32x256_8_pmos_m1_w1_120_sli_dli_da_p.ext:
Extracting sky130_sram_1kbyte_1rw1r_32x256_8_nmos_m1_w0_360_sli_dli_da_p into sky130_sram_1kbyte_1rw1r_32x256_8_nmos_m1_w0_360_sli_dli_da_p.ext:
Extracting sky130_sram_1kbyte_1rw1r_32x256_8_pinv_dec into sky130_sram_1kbyte_1rw1r_32x256_8_pinv_dec.ext:
Extracting sky130_sram_1kbyte_1rw1r_32x256_8_and3_dec into sky130_sram_1kbyte_1rw1r_32x256_8_and3_dec.ext:
sky130_sram_1kbyte_1rw1r_32x256_8_and3_dec: 5 warnings
Extracting sky130_sram_1kbyte_1rw1r_32x256_8_contact_17 into sky130_sram_1kbyte_1rw1r_32x256_8_contact_17.ext:
Extracting sky130_fd_bd_sram__openram_dp_nand2_dec into sky130_fd_bd_sram__openram_dp_nand2_dec.ext:
Extracting sky130_sram_1kbyte_1rw1r_32x256_8_and2_dec into sky130_sram_1kbyte_1rw1r_32x256_8_and2_dec.ext:
sky130_sram_1kbyte_1rw1r_32x256_8_and2_dec: 4 warnings
Extracting sky130_sram_1kbyte_1rw1r_32x256_8_contact_20 into sky130_sram_1kbyte_1rw1r_32x256_8_contact_20.ext:
Extracting sky130_sram_1kbyte_1rw1r_32x256_8_hierarchical_predecode2x4 into sky130_sram_1kbyte_1rw1r_32x256_8_hierarchical_predecode2x4.ext:
sky130_sram_1kbyte_1rw1r_32x256_8_hierarchical_predecode2x4: 10 warnings
Extracting sky130_sram_1kbyte_1rw1r_32x256_8_hierarchical_predecode3x8 into sky130_sram_1kbyte_1rw1r_32x256_8_hierarchical_predecode3x8.ext:
sky130_sram_1kbyte_1rw1r_32x256_8_hierarchical_predecode3x8: 22 warnings
Extracting sky130_sram_1kbyte_1rw1r_32x256_8_hierarchical_decoder into sky130_sram_1kbyte_1rw1r_32x256_8_hierarchical_decoder.ext:
sky130_sram_1kbyte_1rw1r_32x256_8_hierarchical_decoder: 677 warnings
Extracting sky130_sram_1kbyte_1rw1r_32x256_8_pmos_m1_w7_000_sli_dli_da_p into sky130_sram_1kbyte_1rw1r_32x256_8_pmos_m1_w7_000_sli_dli_da_p.ext:
Extracting sky130_sram_1kbyte_1rw1r_32x256_8_nmos_m1_w7_000_sli_dli_da_p into sky130_sram_1kbyte_1rw1r_32x256_8_nmos_m1_w7_000_sli_dli_da_p.ext:
Extracting sky130_sram_1kbyte_1rw1r_32x256_8_pinv_dec_0 into sky130_sram_1kbyte_1rw1r_32x256_8_pinv_dec_0.ext:
Extracting sky130_sram_1kbyte_1rw1r_32x256_8_wordline_driver into sky130_sram_1kbyte_1rw1r_32x256_8_wordline_driver.ext:
sky130_sram_1kbyte_1rw1r_32x256_8_wordline_driver: 4 warnings
Extracting sky130_sram_1kbyte_1rw1r_32x256_8_wordline_driver_array into sky130_sram_1kbyte_1rw1r_32x256_8_wordline_driver_array.ext:
sky130_sram_1kbyte_1rw1r_32x256_8_wordline_driver_array: 4 warnings
Extracting sky130_sram_1kbyte_1rw1r_32x256_8_and2_dec_0 into sky130_sram_1kbyte_1rw1r_32x256_8_and2_dec_0.ext:
sky130_sram_1kbyte_1rw1r_32x256_8_and2_dec_0: 4 warnings
Extracting sky130_sram_1kbyte_1rw1r_32x256_8_port_address into sky130_sram_1kbyte_1rw1r_32x256_8_port_address.ext:
sky130_sram_1kbyte_1rw1r_32x256_8_port_address: 684 warnings
Extracting sky130_sram_1kbyte_1rw1r_32x256_8_port_address_0 into sky130_sram_1kbyte_1rw1r_32x256_8_port_address_0.ext:
sky130_sram_1kbyte_1rw1r_32x256_8_port_address_0: 684 warnings
Extracting sky130_sram_1kbyte_1rw1r_32x256_8_pinv_0 into sky130_sram_1kbyte_1rw1r_32x256_8_pinv_0.ext:
Extracting sky130_sram_1kbyte_1rw1r_32x256_8_pinv_1 into sky130_sram_1kbyte_1rw1r_32x256_8_pinv_1.ext:
Extracting sky130_sram_1kbyte_1rw1r_32x256_8_pmos_m3_w1_680_sli_dli_da_p into sky130_sram_1kbyte_1rw1r_32x256_8_pmos_m3_w1_680_sli_dli_da_p.ext:
sky130_sram_1kbyte_1rw1r_32x256_8_pmos_m3_w1_680_sli_dli_da_p: 2 warnings
Extracting sky130_sram_1kbyte_1rw1r_32x256_8_nmos_m3_w1_680_sli_dli_da_p into sky130_sram_1kbyte_1rw1r_32x256_8_nmos_m3_w1_680_sli_dli_da_p.ext:
sky130_sram_1kbyte_1rw1r_32x256_8_nmos_m3_w1_680_sli_dli_da_p: 2 warnings
Extracting sky130_sram_1kbyte_1rw1r_32x256_8_pinv_2 into sky130_sram_1kbyte_1rw1r_32x256_8_pinv_2.ext:
Extracting sky130_sram_1kbyte_1rw1r_32x256_8_pinvbuf into sky130_sram_1kbyte_1rw1r_32x256_8_pinvbuf.ext:
sky130_sram_1kbyte_1rw1r_32x256_8_pinvbuf: 2 warnings
Extracting sky130_sram_1kbyte_1rw1r_32x256_8_bank into sky130_sram_1kbyte_1rw1r_32x256_8_bank.ext:
sky130_sram_1kbyte_1rw1r_32x256_8_bank: 2510 warnings
Extracting sky130_fd_bd_sram__openram_dff into sky130_fd_bd_sram__openram_dff.ext:
Extracting sky130_sram_1kbyte_1rw1r_32x256_8_data_dff into sky130_sram_1kbyte_1rw1r_32x256_8_data_dff.ext:
sky130_sram_1kbyte_1rw1r_32x256_8_data_dff: 64 warnings
Extracting sky130_sram_1kbyte_1rw1r_32x256_8_contact_34 into sky130_sram_1kbyte_1rw1r_32x256_8_contact_34.ext:
Extracting sky130_sram_1kbyte_1rw1r_32x256_8_cr_4 into sky130_sram_1kbyte_1rw1r_32x256_8_cr_4.ext:
Extracting sky130_sram_1kbyte_1rw1r_32x256_8_pinv_6 into sky130_sram_1kbyte_1rw1r_32x256_8_pinv_6.ext:
Extracting sky130_sram_1kbyte_1rw1r_32x256_8_pmos_m2_w2_000_sli_dli_da_p into sky130_sram_1kbyte_1rw1r_32x256_8_pmos_m2_w2_000_sli_dli_da_p.ext:
sky130_sram_1kbyte_1rw1r_32x256_8_pmos_m2_w2_000_sli_dli_da_p: 2 warnings
Extracting sky130_sram_1kbyte_1rw1r_32x256_8_nmos_m2_w1_260_sli_dli_da_p into sky130_sram_1kbyte_1rw1r_32x256_8_nmos_m2_w1_260_sli_dli_da_p.ext:
sky130_sram_1kbyte_1rw1r_32x256_8_nmos_m2_w1_260_sli_dli_da_p: 2 warnings
Extracting sky130_sram_1kbyte_1rw1r_32x256_8_pinv_7 into sky130_sram_1kbyte_1rw1r_32x256_8_pinv_7.ext:
Extracting sky130_sram_1kbyte_1rw1r_32x256_8_pmos_m5_w2_000_sli_dli_da_p into sky130_sram_1kbyte_1rw1r_32x256_8_pmos_m5_w2_000_sli_dli_da_p.ext:
sky130_sram_1kbyte_1rw1r_32x256_8_pmos_m5_w2_000_sli_dli_da_p: 3 warnings
Extracting sky130_sram_1kbyte_1rw1r_32x256_8_nmos_m5_w1_680_sli_dli_da_p into sky130_sram_1kbyte_1rw1r_32x256_8_nmos_m5_w1_680_sli_dli_da_p.ext:
sky130_sram_1kbyte_1rw1r_32x256_8_nmos_m5_w1_680_sli_dli_da_p: 3 warnings
Extracting sky130_sram_1kbyte_1rw1r_32x256_8_pinv_8 into sky130_sram_1kbyte_1rw1r_32x256_8_pinv_8.ext:
Extracting sky130_sram_1kbyte_1rw1r_32x256_8_pmos_m13_w2_000_sli_dli_da_p into sky130_sram_1kbyte_1rw1r_32x256_8_pmos_m13_w2_000_sli_dli_da_p.ext:
sky130_sram_1kbyte_1rw1r_32x256_8_pmos_m13_w2_000_sli_dli_da_p: 7 warnings
Extracting sky130_sram_1kbyte_1rw1r_32x256_8_nmos_m13_w2_000_sli_dli_da_p into sky130_sram_1kbyte_1rw1r_32x256_8_nmos_m13_w2_000_sli_dli_da_p.ext:
sky130_sram_1kbyte_1rw1r_32x256_8_nmos_m13_w2_000_sli_dli_da_p: 7 warnings
Extracting sky130_sram_1kbyte_1rw1r_32x256_8_pinv_9 into sky130_sram_1kbyte_1rw1r_32x256_8_pinv_9.ext:
Extracting sky130_sram_1kbyte_1rw1r_32x256_8_pmos_m39_w2_000_sli_dli_da_p into sky130_sram_1kbyte_1rw1r_32x256_8_pmos_m39_w2_000_sli_dli_da_p.ext:
sky130_sram_1kbyte_1rw1r_32x256_8_pmos_m39_w2_000_sli_dli_da_p: 20 warnings
Extracting sky130_sram_1kbyte_1rw1r_32x256_8_nmos_m39_w2_000_sli_dli_da_p into sky130_sram_1kbyte_1rw1r_32x256_8_nmos_m39_w2_000_sli_dli_da_p.ext:
sky130_sram_1kbyte_1rw1r_32x256_8_nmos_m39_w2_000_sli_dli_da_p: 20 warnings
Extracting sky130_sram_1kbyte_1rw1r_32x256_8_pinv_20 into sky130_sram_1kbyte_1rw1r_32x256_8_pinv_20.ext:
Extracting sky130_sram_1kbyte_1rw1r_32x256_8_pdriver_6 into sky130_sram_1kbyte_1rw1r_32x256_8_pdriver_6.ext:
Extracting sky130_sram_1kbyte_1rw1r_32x256_8_pinv_11 into sky130_sram_1kbyte_1rw1r_32x256_8_pinv_11.ext:
Extracting sky130_sram_1kbyte_1rw1r_32x256_8_pmos_m3_w2_000_sli_dli_da_p into sky130_sram_1kbyte_1rw1r_32x256_8_pmos_m3_w2_000_sli_dli_da_p.ext:
sky130_sram_1kbyte_1rw1r_32x256_8_pmos_m3_w2_000_sli_dli_da_p: 2 warnings
Extracting sky130_sram_1kbyte_1rw1r_32x256_8_nmos_m3_w2_000_sli_dli_da_p into sky130_sram_1kbyte_1rw1r_32x256_8_nmos_m3_w2_000_sli_dli_da_p.ext:
sky130_sram_1kbyte_1rw1r_32x256_8_nmos_m3_w2_000_sli_dli_da_p: 2 warnings
Extracting sky130_sram_1kbyte_1rw1r_32x256_8_pinv_12 into sky130_sram_1kbyte_1rw1r_32x256_8_pinv_12.ext:
Extracting sky130_sram_1kbyte_1rw1r_32x256_8_pmos_m8_w2_000_sli_dli_da_p into sky130_sram_1kbyte_1rw1r_32x256_8_pmos_m8_w2_000_sli_dli_da_p.ext:
sky130_sram_1kbyte_1rw1r_32x256_8_pmos_m8_w2_000_sli_dli_da_p: 5 warnings
Extracting sky130_sram_1kbyte_1rw1r_32x256_8_nmos_m8_w2_000_sli_dli_da_p into sky130_sram_1kbyte_1rw1r_32x256_8_nmos_m8_w2_000_sli_dli_da_p.ext:
sky130_sram_1kbyte_1rw1r_32x256_8_nmos_m8_w2_000_sli_dli_da_p: 5 warnings
Extracting sky130_sram_1kbyte_1rw1r_32x256_8_pinv_13 into sky130_sram_1kbyte_1rw1r_32x256_8_pinv_13.ext:
Extracting sky130_sram_1kbyte_1rw1r_32x256_8_pmos_m24_w2_000_sli_dli_da_p into sky130_sram_1kbyte_1rw1r_32x256_8_pmos_m24_w2_000_sli_dli_da_p.ext:
sky130_sram_1kbyte_1rw1r_32x256_8_pmos_m24_w2_000_sli_dli_da_p: 13 warnings
Extracting sky130_sram_1kbyte_1rw1r_32x256_8_nmos_m24_w2_000_sli_dli_da_p into sky130_sram_1kbyte_1rw1r_32x256_8_nmos_m24_w2_000_sli_dli_da_p.ext:
sky130_sram_1kbyte_1rw1r_32x256_8_nmos_m24_w2_000_sli_dli_da_p: 13 warnings
Extracting sky130_sram_1kbyte_1rw1r_32x256_8_pinv_14 into sky130_sram_1kbyte_1rw1r_32x256_8_pinv_14.ext:
Extracting sky130_sram_1kbyte_1rw1r_32x256_8_pdriver_2 into sky130_sram_1kbyte_1rw1r_32x256_8_pdriver_2.ext:
Extracting sky130_sram_1kbyte_1rw1r_32x256_8_nmos_m1_w0_740_sactive_dactive into sky130_sram_1kbyte_1rw1r_32x256_8_nmos_m1_w0_740_sactive_dactive.ext:
Extracting sky130_sram_1kbyte_1rw1r_32x256_8_pnand3 into sky130_sram_1kbyte_1rw1r_32x256_8_pnand3.ext:
Extracting sky130_sram_1kbyte_1rw1r_32x256_8_pmos_m18_w2_000_sli_dli_da_p into sky130_sram_1kbyte_1rw1r_32x256_8_pmos_m18_w2_000_sli_dli_da_p.ext:
sky130_sram_1kbyte_1rw1r_32x256_8_pmos_m18_w2_000_sli_dli_da_p: 10 warnings
Extracting sky130_sram_1kbyte_1rw1r_32x256_8_nmos_m18_w2_000_sli_dli_da_p into sky130_sram_1kbyte_1rw1r_32x256_8_nmos_m18_w2_000_sli_dli_da_p.ext:
sky130_sram_1kbyte_1rw1r_32x256_8_nmos_m18_w2_000_sli_dli_da_p: 10 warnings
Extracting sky130_sram_1kbyte_1rw1r_32x256_8_pinv_16 into sky130_sram_1kbyte_1rw1r_32x256_8_pinv_16.ext:
Extracting sky130_sram_1kbyte_1rw1r_32x256_8_pdriver_4 into sky130_sram_1kbyte_1rw1r_32x256_8_pdriver_4.ext:
Extracting sky130_sram_1kbyte_1rw1r_32x256_8_pand3_0 into sky130_sram_1kbyte_1rw1r_32x256_8_pand3_0.ext:
Extracting sky130_sram_1kbyte_1rw1r_32x256_8_pinv_19 into sky130_sram_1kbyte_1rw1r_32x256_8_pinv_19.ext:
Extracting sky130_sram_1kbyte_1rw1r_32x256_8_delay_chain into sky130_sram_1kbyte_1rw1r_32x256_8_delay_chain.ext:
sky130_sram_1kbyte_1rw1r_32x256_8_delay_chain: 20 warnings
Extracting sky130_sram_1kbyte_1rw1r_32x256_8_pmos_m4_w2_000_sli_dli_da_p into sky130_sram_1kbyte_1rw1r_32x256_8_pmos_m4_w2_000_sli_dli_da_p.ext:
sky130_sram_1kbyte_1rw1r_32x256_8_pmos_m4_w2_000_sli_dli_da_p: 3 warnings
Extracting sky130_sram_1kbyte_1rw1r_32x256_8_nmos_m4_w1_260_sli_dli_da_p into sky130_sram_1kbyte_1rw1r_32x256_8_nmos_m4_w1_260_sli_dli_da_p.ext:
sky130_sram_1kbyte_1rw1r_32x256_8_nmos_m4_w1_260_sli_dli_da_p: 3 warnings
Extracting sky130_sram_1kbyte_1rw1r_32x256_8_pinv_17 into sky130_sram_1kbyte_1rw1r_32x256_8_pinv_17.ext:
Extracting sky130_sram_1kbyte_1rw1r_32x256_8_pmos_m12_w2_000_sli_dli_da_p into sky130_sram_1kbyte_1rw1r_32x256_8_pmos_m12_w2_000_sli_dli_da_p.ext:
sky130_sram_1kbyte_1rw1r_32x256_8_pmos_m12_w2_000_sli_dli_da_p: 7 warnings
Extracting sky130_sram_1kbyte_1rw1r_32x256_8_nmos_m12_w2_000_sli_dli_da_p into sky130_sram_1kbyte_1rw1r_32x256_8_nmos_m12_w2_000_sli_dli_da_p.ext:
sky130_sram_1kbyte_1rw1r_32x256_8_nmos_m12_w2_000_sli_dli_da_p: 7 warnings
Extracting sky130_sram_1kbyte_1rw1r_32x256_8_pinv_18 into sky130_sram_1kbyte_1rw1r_32x256_8_pinv_18.ext:
Extracting sky130_sram_1kbyte_1rw1r_32x256_8_pdriver_5 into sky130_sram_1kbyte_1rw1r_32x256_8_pdriver_5.ext:
Extracting sky130_sram_1kbyte_1rw1r_32x256_8_dff_buf_0 into sky130_sram_1kbyte_1rw1r_32x256_8_dff_buf_0.ext:
Extracting sky130_sram_1kbyte_1rw1r_32x256_8_dff_buf_array_0 into sky130_sram_1kbyte_1rw1r_32x256_8_dff_buf_array_0.ext:
Extracting sky130_sram_1kbyte_1rw1r_32x256_8_pnand2_0 into sky130_sram_1kbyte_1rw1r_32x256_8_pnand2_0.ext:
Extracting sky130_sram_1kbyte_1rw1r_32x256_8_pmos_m7_w2_000_sli_dli_da_p into sky130_sram_1kbyte_1rw1r_32x256_8_pmos_m7_w2_000_sli_dli_da_p.ext:
sky130_sram_1kbyte_1rw1r_32x256_8_pmos_m7_w2_000_sli_dli_da_p: 4 warnings
Extracting sky130_sram_1kbyte_1rw1r_32x256_8_nmos_m7_w1_680_sli_dli_da_p into sky130_sram_1kbyte_1rw1r_32x256_8_nmos_m7_w1_680_sli_dli_da_p.ext:
sky130_sram_1kbyte_1rw1r_32x256_8_nmos_m7_w1_680_sli_dli_da_p: 4 warnings
Extracting sky130_sram_1kbyte_1rw1r_32x256_8_pinv_3 into sky130_sram_1kbyte_1rw1r_32x256_8_pinv_3.ext:
Extracting sky130_sram_1kbyte_1rw1r_32x256_8_pdriver_0 into sky130_sram_1kbyte_1rw1r_32x256_8_pdriver_0.ext:
Extracting sky130_sram_1kbyte_1rw1r_32x256_8_pand2_0 into sky130_sram_1kbyte_1rw1r_32x256_8_pand2_0.ext:
Extracting sky130_sram_1kbyte_1rw1r_32x256_8_pnand2_1 into sky130_sram_1kbyte_1rw1r_32x256_8_pnand2_1.ext:
Extracting sky130_sram_1kbyte_1rw1r_32x256_8_contact_33 into sky130_sram_1kbyte_1rw1r_32x256_8_contact_33.ext:
Extracting sky130_sram_1kbyte_1rw1r_32x256_8_control_logic_r into sky130_sram_1kbyte_1rw1r_32x256_8_control_logic_r.ext:
sky130_sram_1kbyte_1rw1r_32x256_8_control_logic_r: 29 warnings
Extracting sky130_sram_1kbyte_1rw1r_32x256_8_contact_39 into sky130_sram_1kbyte_1rw1r_32x256_8_contact_39.ext:
Extracting sky130_sram_1kbyte_1rw1r_32x256_8_contact_40 into sky130_sram_1kbyte_1rw1r_32x256_8_contact_40.ext:
Extracting sky130_sram_1kbyte_1rw1r_32x256_8_cr_5 into sky130_sram_1kbyte_1rw1r_32x256_8_cr_5.ext:
Extracting sky130_sram_1kbyte_1rw1r_32x256_8_col_addr_dff into sky130_sram_1kbyte_1rw1r_32x256_8_col_addr_dff.ext:
Extracting sky130_sram_1kbyte_1rw1r_32x256_8_pmos_m40_w2_000_sli_dli_da_p into sky130_sram_1kbyte_1rw1r_32x256_8_pmos_m40_w2_000_sli_dli_da_p.ext:
sky130_sram_1kbyte_1rw1r_32x256_8_pmos_m40_w2_000_sli_dli_da_p: 21 warnings
Extracting sky130_sram_1kbyte_1rw1r_32x256_8_nmos_m40_w2_000_sli_dli_da_p into sky130_sram_1kbyte_1rw1r_32x256_8_nmos_m40_w2_000_sli_dli_da_p.ext:
sky130_sram_1kbyte_1rw1r_32x256_8_nmos_m40_w2_000_sli_dli_da_p: 21 warnings
Extracting sky130_sram_1kbyte_1rw1r_32x256_8_pinv_10 into sky130_sram_1kbyte_1rw1r_32x256_8_pinv_10.ext:
Extracting sky130_sram_1kbyte_1rw1r_32x256_8_pdriver_1 into sky130_sram_1kbyte_1rw1r_32x256_8_pdriver_1.ext:
Extracting sky130_sram_1kbyte_1rw1r_32x256_8_pmos_m22_w2_000_sli_dli_da_p into sky130_sram_1kbyte_1rw1r_32x256_8_pmos_m22_w2_000_sli_dli_da_p.ext:
sky130_sram_1kbyte_1rw1r_32x256_8_pmos_m22_w2_000_sli_dli_da_p: 12 warnings
Extracting sky130_sram_1kbyte_1rw1r_32x256_8_nmos_m22_w2_000_sli_dli_da_p into sky130_sram_1kbyte_1rw1r_32x256_8_nmos_m22_w2_000_sli_dli_da_p.ext:
sky130_sram_1kbyte_1rw1r_32x256_8_nmos_m22_w2_000_sli_dli_da_p: 12 warnings
Extracting sky130_sram_1kbyte_1rw1r_32x256_8_pinv_15 into sky130_sram_1kbyte_1rw1r_32x256_8_pinv_15.ext:
Extracting sky130_sram_1kbyte_1rw1r_32x256_8_pdriver_3 into sky130_sram_1kbyte_1rw1r_32x256_8_pdriver_3.ext:
Extracting sky130_sram_1kbyte_1rw1r_32x256_8_pand3 into sky130_sram_1kbyte_1rw1r_32x256_8_pand3.ext:
Extracting sky130_sram_1kbyte_1rw1r_32x256_8_dff_buf_array into sky130_sram_1kbyte_1rw1r_32x256_8_dff_buf_array.ext:
sky130_sram_1kbyte_1rw1r_32x256_8_dff_buf_array: 2 warnings
Extracting sky130_sram_1kbyte_1rw1r_32x256_8_control_logic_rw into sky130_sram_1kbyte_1rw1r_32x256_8_control_logic_rw.ext:
sky130_sram_1kbyte_1rw1r_32x256_8_control_logic_rw: 32 warnings
Extracting sky130_sram_1kbyte_1rw1r_32x256_8_row_addr_dff into sky130_sram_1kbyte_1rw1r_32x256_8_row_addr_dff.ext:
sky130_sram_1kbyte_1rw1r_32x256_8_row_addr_dff: 8 warnings
Extracting sky130_sram_1kbyte_1rw1r_32x256_8_cr_3 into sky130_sram_1kbyte_1rw1r_32x256_8_cr_3.ext:
Extracting sky130_sram_1kbyte_1rw1r_32x256_8_wmask_dff into sky130_sram_1kbyte_1rw1r_32x256_8_wmask_dff.ext:
sky130_sram_1kbyte_1rw1r_32x256_8_wmask_dff: 8 warnings
Extracting sky130_sram_1kbyte_1rw1r_32x256_8 into sky130_sram_1kbyte_1rw1r_32x256_8.ext:
sky130_sram_1kbyte_1rw1r_32x256_8: 8 warnings
Extracting sky130_fd_sc_hd__nor4_1 into sky130_fd_sc_hd__nor4_1.ext:
Extracting sky130_fd_sc_hd__buf_1 into sky130_fd_sc_hd__buf_1.ext:
Extracting sky130_fd_sc_hd__mux4_2 into sky130_fd_sc_hd__mux4_2.ext:
Extracting sky130_fd_sc_hd__clkbuf_16 into sky130_fd_sc_hd__clkbuf_16.ext:
Extracting sky130_fd_sc_hd__inv_8 into sky130_fd_sc_hd__inv_8.ext:
Extracting sky130_fd_sc_hd__inv_6 into sky130_fd_sc_hd__inv_6.ext:
Extracting sky130_fd_sc_hd__mux2_1 into sky130_fd_sc_hd__mux2_1.ext:
Extracting sky130_fd_sc_hd__clkinvlp_4 into sky130_fd_sc_hd__clkinvlp_4.ext:
Extracting sky130_fd_sc_hd__clkinv_8 into sky130_fd_sc_hd__clkinv_8.ext:
Extracting sky130_fd_sc_hd__buf_12 into sky130_fd_sc_hd__buf_12.ext:
Extracting sky130_fd_sc_hd__and3_2 into sky130_fd_sc_hd__and3_2.ext:
Extracting sky130_fd_sc_hd__nand3_2 into sky130_fd_sc_hd__nand3_2.ext:
Extracting sky130_fd_sc_hd__buf_16 into sky130_fd_sc_hd__buf_16.ext:
Extracting sky130_fd_sc_hd__mux2i_1 into sky130_fd_sc_hd__mux2i_1.ext:
Extracting sky130_fd_sc_hd__a32oi_1 into sky130_fd_sc_hd__a32oi_1.ext:
Extracting sky130_fd_sc_hd__nor4b_2 into sky130_fd_sc_hd__nor4b_2.ext:
Extracting sky130_fd_sc_hd__lpflow_isobufsrc_1 into sky130_fd_sc_hd__lpflow_isobufsrc_1.ext:
Extracting sky130_fd_sc_hd__a22o_1 into sky130_fd_sc_hd__a22o_1.ext:
Extracting sky130_fd_sc_hd__nor4b_1 into sky130_fd_sc_hd__nor4b_1.ext:
Extracting sky130_fd_sc_hd__bufinv_16 into sky130_fd_sc_hd__bufinv_16.ext:
Extracting sky130_fd_sc_hd__clkinv_4 into sky130_fd_sc_hd__clkinv_4.ext:
Extracting sky130_fd_sc_hd__clkbuf_8 into sky130_fd_sc_hd__clkbuf_8.ext:
Extracting sky130_fd_sc_hd__a21o_1 into sky130_fd_sc_hd__a21o_1.ext:
Extracting sky130_fd_sc_hd__clkinv_2 into sky130_fd_sc_hd__clkinv_2.ext:
Extracting sky130_fd_sc_hd__a222oi_1 into sky130_fd_sc_hd__a222oi_1.ext:
Extracting sky130_fd_sc_hd__maj3_1 into sky130_fd_sc_hd__maj3_1.ext:
Extracting sky130_fd_sc_hd__o2111ai_1 into sky130_fd_sc_hd__o2111ai_1.ext:
Extracting sky130_fd_sc_hd__a221o_1 into sky130_fd_sc_hd__a221o_1.ext:
Extracting sky130_fd_sc_hd__mux2i_2 into sky130_fd_sc_hd__mux2i_2.ext:
Extracting sky130_fd_sc_hd__probec_p_8 into sky130_fd_sc_hd__probec_p_8.ext:
Extracting sky130_fd_sc_hd__or3_1 into sky130_fd_sc_hd__or3_1.ext:
Extracting sky130_fd_sc_hd__dfrtp_2 into sky130_fd_sc_hd__dfrtp_2.ext:
Extracting sky130_fd_sc_hd__buf_8 into sky130_fd_sc_hd__buf_8.ext:
Extracting sky130_fd_sc_hd__lpflow_isobufsrc_4 into sky130_fd_sc_hd__lpflow_isobufsrc_4.ext:
Extracting sky130_fd_sc_hd__nor2_4 into sky130_fd_sc_hd__nor2_4.ext:
Extracting sky130_fd_sc_hd__nor2_2 into sky130_fd_sc_hd__nor2_2.ext:
Extracting sky130_fd_sc_hd__lpflow_isobufsrc_2 into sky130_fd_sc_hd__lpflow_isobufsrc_2.ext:
Extracting sky130_fd_sc_hd__nand2_2 into sky130_fd_sc_hd__nand2_2.ext:
Extracting sky130_fd_sc_hd__o31ai_1 into sky130_fd_sc_hd__o31ai_1.ext:
Extracting sky130_fd_sc_hd__and4b_1 into sky130_fd_sc_hd__and4b_1.ext:
Extracting sky130_fd_sc_hd__a211oi_1 into sky130_fd_sc_hd__a211oi_1.ext:
Extracting sky130_fd_sc_hd__o21ai_4 into sky130_fd_sc_hd__o21ai_4.ext:
Extracting sky130_fd_sc_hd__o21bai_1 into sky130_fd_sc_hd__o21bai_1.ext:
Extracting sky130_fd_sc_hd__o311ai_0 into sky130_fd_sc_hd__o311ai_0.ext:
Extracting sky130_fd_sc_hd__o211a_1 into sky130_fd_sc_hd__o211a_1.ext:
Extracting sky130_fd_sc_hd__nor3_2 into sky130_fd_sc_hd__nor3_2.ext:
Extracting sky130_fd_sc_hd__o32ai_1 into sky130_fd_sc_hd__o32ai_1.ext:
Extracting sky130_fd_sc_hd__dfxtp_2 into sky130_fd_sc_hd__dfxtp_2.ext:
Extracting sky130_fd_sc_hd__nand3_4 into sky130_fd_sc_hd__nand3_4.ext:
Extracting sky130_fd_sc_hd__nor3b_2 into sky130_fd_sc_hd__nor3b_2.ext:
Extracting sky130_fd_sc_hd__a221oi_1 into sky130_fd_sc_hd__a221oi_1.ext:
Extracting sky130_fd_sc_hd__a211o_1 into sky130_fd_sc_hd__a211o_1.ext:
Extracting sky130_fd_sc_hd__o22ai_1 into sky130_fd_sc_hd__o22ai_1.ext:
Extracting sky130_fd_sc_hd__o31ai_4 into sky130_fd_sc_hd__o31ai_4.ext:
Extracting sky130_fd_sc_hd__and3b_1 into sky130_fd_sc_hd__and3b_1.ext:
Extracting sky130_fd_sc_hd__or3b_1 into sky130_fd_sc_hd__or3b_1.ext:
Extracting sky130_fd_sc_hd__probe_p_8 into sky130_fd_sc_hd__probe_p_8.ext:
Extracting sky130_fd_sc_hd__a311oi_1 into sky130_fd_sc_hd__a311oi_1.ext:
Extracting sky130_fd_sc_hd__a2111oi_0 into sky130_fd_sc_hd__a2111oi_0.ext:
Extracting sky130_fd_sc_hd__nand2_4 into sky130_fd_sc_hd__nand2_4.ext:
Extracting sky130_fd_sc_hd__dfxtp_4 into sky130_fd_sc_hd__dfxtp_4.ext:
Extracting sky130_fd_sc_hd__a32o_1 into sky130_fd_sc_hd__a32o_1.ext:
Extracting sky130_fd_sc_hd__o221ai_1 into sky130_fd_sc_hd__o221ai_1.ext:
Extracting sky130_fd_sc_hd__a311o_1 into sky130_fd_sc_hd__a311o_1.ext:
Extracting sky130_fd_sc_hd__and2_2 into sky130_fd_sc_hd__and2_2.ext:
Extracting sky130_fd_sc_hd__or3_2 into sky130_fd_sc_hd__or3_2.ext:
Extracting sky130_fd_sc_hd__o221a_1 into sky130_fd_sc_hd__o221a_1.ext:
Extracting sky130_fd_sc_hd__nand2b_4 into sky130_fd_sc_hd__nand2b_4.ext:
Extracting sky130_fd_sc_hd__a21oi_4 into sky130_fd_sc_hd__a21oi_4.ext:
Extracting sky130_fd_sc_hd__a41oi_1 into sky130_fd_sc_hd__a41oi_1.ext:
Extracting sky130_fd_sc_hd__nor2b_1 into sky130_fd_sc_hd__nor2b_1.ext:
Extracting sky130_fd_sc_hd__a21oi_2 into sky130_fd_sc_hd__a21oi_2.ext:
Extracting sky130_fd_sc_hd__o31a_1 into sky130_fd_sc_hd__o31a_1.ext:
Extracting sky130_fd_sc_hd__a2111oi_2 into sky130_fd_sc_hd__a2111oi_2.ext:
Extracting sky130_fd_sc_hd__nand4b_1 into sky130_fd_sc_hd__nand4b_1.ext:
Extracting sky130_fd_sc_hd__o21ai_2 into sky130_fd_sc_hd__o21ai_2.ext:
Extracting sky130_fd_sc_hd__clkinvlp_2 into sky130_fd_sc_hd__clkinvlp_2.ext:
Extracting sky130_fd_sc_hd__o22a_1 into sky130_fd_sc_hd__o22a_1.ext:
Extracting sky130_fd_sc_hd__o41ai_1 into sky130_fd_sc_hd__o41ai_1.ext:
Extracting sky130_fd_sc_hd__and2_4 into sky130_fd_sc_hd__and2_4.ext:
Extracting sky130_fd_sc_hd__mux2i_4 into sky130_fd_sc_hd__mux2i_4.ext:
Extracting sky130_fd_sc_hd__nor2b_2 into sky130_fd_sc_hd__nor2b_2.ext:
Extracting sky130_fd_sc_hd__buf_2 into sky130_fd_sc_hd__buf_2.ext:
Extracting mini_soc_top into mini_soc_top.ext:
Created database crash recovery file /tmp//MAG2175412.oMWHdi
mini_soc_top: 370261 errors
exttospice finished.
